The target system is: Linux -  - aarch64
The host system is: Linux - 5.15.0-67-generic - x86_64
Compiling the CXX compiler identification source file "CMakeCXXCompilerId.cpp" succeeded.
Compiler: /usr/bin/aarch64-linux-gnu-g++ 
Build flags: 
Id flags:  

The output was:
0


Compilation of the CXX compiler identification source "CMakeCXXCompilerId.cpp" produced "a.out"

The CXX compiler identification is GNU, found in "/home/zw/嵌入式设计竞赛资料/项目代码及量化模型/demo/opencv_build_aarch64/CMakeFiles/3.16.3/CompilerIdCXX/a.out"

Compiling the C compiler identification source file "CMakeCCompilerId.c" succeeded.
Compiler: /usr/bin/aarch64-linux-gnu-gcc 
Build flags: 
Id flags:  

The output was:
0


Compilation of the C compiler identification source "CMakeCCompilerId.c" produced "a.out"

The C compiler identification is GNU, found in "/home/zw/嵌入式设计竞赛资料/项目代码及量化模型/demo/opencv_build_aarch64/CMakeFiles/3.16.3/CompilerIdC/a.out"

Determining if the CXX compiler works passed with the following output:
Change Dir: /home/zw/嵌入式设计竞赛资料/项目代码及量化模型/demo/opencv_build_aarch64/CMakeFiles/CMakeTmp

Run Build Command(s):/usr/bin/make cmTC_ad9a0/fast && /usr/bin/make -f CMakeFiles/cmTC_ad9a0.dir/build.make CMakeFiles/cmTC_ad9a0.dir/build
make[1]: 进入目录“/home/zw/嵌入式设计竞赛资料/项目代码及量化模型/demo/opencv_build_aarch64/CMakeFiles/CMakeTmp”
Building CXX object CMakeFiles/cmTC_ad9a0.dir/testCXXCompiler.cxx.o
/usr/bin/aarch64-linux-gnu-g++    -fPIE   -o CMakeFiles/cmTC_ad9a0.dir/testCXXCompiler.cxx.o -c /home/zw/嵌入式设计竞赛资料/项目代码及量化模型/demo/opencv_build_aarch64/CMakeFiles/CMakeTmp/testCXXCompiler.cxx
Linking CXX executable cmTC_ad9a0
/usr/bin/cmake -E cmake_link_script CMakeFiles/cmTC_ad9a0.dir/link.txt --verbose=1
/usr/bin/aarch64-linux-gnu-g++       -rdynamic CMakeFiles/cmTC_ad9a0.dir/testCXXCompiler.cxx.o  -o cmTC_ad9a0 
make[1]: 离开目录“/home/zw/嵌入式设计竞赛资料/项目代码及量化模型/demo/opencv_build_aarch64/CMakeFiles/CMakeTmp”



Detecting CXX compiler ABI info compiled with the following output:
Change Dir: /home/zw/嵌入式设计竞赛资料/项目代码及量化模型/demo/opencv_build_aarch64/CMakeFiles/CMakeTmp

Run Build Command(s):/usr/bin/make cmTC_f64bb/fast && /usr/bin/make -f CMakeFiles/cmTC_f64bb.dir/build.make CMakeFiles/cmTC_f64bb.dir/build
make[1]: Entering directory '/home/zw/嵌入式设计竞赛资料/项目代码及量化模型/demo/opencv_build_aarch64/CMakeFiles/CMakeTmp'
Building CXX object CMakeFiles/cmTC_f64bb.dir/CMakeCXXCompilerABI.cpp.o
/usr/bin/aarch64-linux-gnu-g++    -fPIE   -v -o CMakeFiles/cmTC_f64bb.dir/CMakeCXXCompilerABI.cpp.o -c /usr/share/cmake-3.16/Modules/CMakeCXXCompilerABI.cpp
Using built-in specs.
COLLECT_GCC=/usr/bin/aarch64-linux-gnu-g++
Target: aarch64-linux-gnu
Configured with: ../src/configure -v --with-pkgversion='Ubuntu 9.4.0-1ubuntu1~20.04.2' --with-bugurl=file:///usr/share/doc/gcc-9/README.Bugs --enable-languages=c,ada,c++,go,d,fortran,objc,obj-c++,gm2 --prefix=/usr --with-gcc-major-version-only --program-suffix=-9 --enable-shared --enable-linker-build-id --libexecdir=/usr/lib --without-included-gettext --enable-threads=posix --libdir=/usr/lib --enable-nls --with-sysroot=/ --enable-clocale=gnu --enable-libstdcxx-debug --enable-libstdcxx-time=yes --with-default-libstdcxx-abi=new --enable-gnu-unique-object --disable-libquadmath --disable-libquadmath-support --enable-plugin --enable-default-pie --with-system-zlib --without-target-system-zlib --enable-libpth-m2 --enable-multiarch --enable-fix-cortex-a53-843419 --disable-werror --enable-checking=release --build=x86_64-linux-gnu --host=x86_64-linux-gnu --target=aarch64-linux-gnu --program-prefix=aarch64-linux-gnu- --includedir=/usr/aarch64-linux-gnu/include
Thread model: posix
gcc version 9.4.0 (Ubuntu 9.4.0-1ubuntu1~20.04.2) 
COLLECT_GCC_OPTIONS='-fPIE' '-v' '-o' 'CMakeFiles/cmTC_f64bb.dir/CMakeCXXCompilerABI.cpp.o' '-c' '-shared-libgcc' '-mlittle-endian' '-mabi=lp64'
 /usr/lib/gcc-cross/aarch64-linux-gnu/9/cc1plus -quiet -v -imultiarch aarch64-linux-gnu -D_GNU_SOURCE /usr/share/cmake-3.16/Modules/CMakeCXXCompilerABI.cpp -quiet -dumpbase CMakeCXXCompilerABI.cpp -mlittle-endian -mabi=lp64 -auxbase-strip CMakeFiles/cmTC_f64bb.dir/CMakeCXXCompilerABI.cpp.o -version -fPIE -fasynchronous-unwind-tables -fstack-protector-strong -Wformat -Wformat-security -fstack-clash-protection -o /tmp/ccZ5DjTB.s
GNU C++14 (Ubuntu 9.4.0-1ubuntu1~20.04.2) version 9.4.0 (aarch64-linux-gnu)
	compiled by GNU C version 9.4.0, GMP version 6.2.0, MPFR version 4.0.2, MPC version 1.1.0, isl version isl-0.22.1-GMP

GGC heuristics: --param ggc-min-expand=100 --param ggc-min-heapsize=131072
ignoring nonexistent directory "/usr/local/include/aarch64-linux-gnu"
ignoring nonexistent directory "/usr/lib/gcc-cross/aarch64-linux-gnu/9/include-fixed"
#include "..." search starts here:
#include <...> search starts here:
 /usr/lib/gcc-cross/aarch64-linux-gnu/9/../../../../aarch64-linux-gnu/include/c++/9
 /usr/lib/gcc-cross/aarch64-linux-gnu/9/../../../../aarch64-linux-gnu/include/c++/9/aarch64-linux-gnu
 /usr/lib/gcc-cross/aarch64-linux-gnu/9/../../../../aarch64-linux-gnu/include/c++/9/backward
 /usr/lib/gcc-cross/aarch64-linux-gnu/9/include
 /usr/lib/gcc-cross/aarch64-linux-gnu/9/../../../../aarch64-linux-gnu/include
 /usr/include/aarch64-linux-gnu
 /usr/include
End of search list.
GNU C++14 (Ubuntu 9.4.0-1ubuntu1~20.04.2) version 9.4.0 (aarch64-linux-gnu)
	compiled by GNU C version 9.4.0, GMP version 6.2.0, MPFR version 4.0.2, MPC version 1.1.0, isl version isl-0.22.1-GMP

GGC heuristics: --param ggc-min-expand=100 --param ggc-min-heapsize=131072
Compiler executable checksum: 3fd62e19f7cce4e05f266e2c8c4bf6f8
COLLECT_GCC_OPTIONS='-fPIE' '-v' '-o' 'CMakeFiles/cmTC_f64bb.dir/CMakeCXXCompilerABI.cpp.o' '-c' '-shared-libgcc' '-mlittle-endian' '-mabi=lp64'
 /usr/lib/gcc-cross/aarch64-linux-gnu/9/../../../../aarch64-linux-gnu/bin/as -v -EL -mabi=lp64 -o CMakeFiles/cmTC_f64bb.dir/CMakeCXXCompilerABI.cpp.o /tmp/ccZ5DjTB.s
GNU assembler version 2.34 (aarch64-linux-gnu) using BFD version (GNU Binutils for Ubuntu) 2.34
COMPILER_PATH=/usr/lib/gcc-cross/aarch64-linux-gnu/9/:/usr/lib/gcc-cross/aarch64-linux-gnu/9/:/usr/lib/gcc-cross/aarch64-linux-gnu/:/usr/lib/gcc-cross/aarch64-linux-gnu/9/:/usr/lib/gcc-cross/aarch64-linux-gnu/:/usr/lib/gcc-cross/aarch64-linux-gnu/9/../../../../aarch64-linux-gnu/bin/
LIBRARY_PATH=/usr/lib/gcc-cross/aarch64-linux-gnu/9/:/usr/lib/gcc-cross/aarch64-linux-gnu/9/../../../../aarch64-linux-gnu/lib/../lib/:/lib/aarch64-linux-gnu/:/lib/../lib/:/usr/lib/aarch64-linux-gnu/:/usr/lib/../lib/:/usr/lib/gcc-cross/aarch64-linux-gnu/9/../../../../aarch64-linux-gnu/lib/:/lib/:/usr/lib/
COLLECT_GCC_OPTIONS='-fPIE' '-v' '-o' 'CMakeFiles/cmTC_f64bb.dir/CMakeCXXCompilerABI.cpp.o' '-c' '-shared-libgcc' '-mlittle-endian' '-mabi=lp64'
Linking CXX executable cmTC_f64bb
/usr/bin/cmake -E cmake_link_script CMakeFiles/cmTC_f64bb.dir/link.txt --verbose=1
/usr/bin/aarch64-linux-gnu-g++      -v -rdynamic CMakeFiles/cmTC_f64bb.dir/CMakeCXXCompilerABI.cpp.o  -o cmTC_f64bb 
Using built-in specs.
COLLECT_GCC=/usr/bin/aarch64-linux-gnu-g++
COLLECT_LTO_WRAPPER=/usr/lib/gcc-cross/aarch64-linux-gnu/9/lto-wrapper
Target: aarch64-linux-gnu
Configured with: ../src/configure -v --with-pkgversion='Ubuntu 9.4.0-1ubuntu1~20.04.2' --with-bugurl=file:///usr/share/doc/gcc-9/README.Bugs --enable-languages=c,ada,c++,go,d,fortran,objc,obj-c++,gm2 --prefix=/usr --with-gcc-major-version-only --program-suffix=-9 --enable-shared --enable-linker-build-id --libexecdir=/usr/lib --without-included-gettext --enable-threads=posix --libdir=/usr/lib --enable-nls --with-sysroot=/ --enable-clocale=gnu --enable-libstdcxx-debug --enable-libstdcxx-time=yes --with-default-libstdcxx-abi=new --enable-gnu-unique-object --disable-libquadmath --disable-libquadmath-support --enable-plugin --enable-default-pie --with-system-zlib --without-target-system-zlib --enable-libpth-m2 --enable-multiarch --enable-fix-cortex-a53-843419 --disable-werror --enable-checking=release --build=x86_64-linux-gnu --host=x86_64-linux-gnu --target=aarch64-linux-gnu --program-prefix=aarch64-linux-gnu- --includedir=/usr/aarch64-linux-gnu/include
Thread model: posix
gcc version 9.4.0 (Ubuntu 9.4.0-1ubuntu1~20.04.2) 
COMPILER_PATH=/usr/lib/gcc-cross/aarch64-linux-gnu/9/:/usr/lib/gcc-cross/aarch64-linux-gnu/9/:/usr/lib/gcc-cross/aarch64-linux-gnu/:/usr/lib/gcc-cross/aarch64-linux-gnu/9/:/usr/lib/gcc-cross/aarch64-linux-gnu/:/usr/lib/gcc-cross/aarch64-linux-gnu/9/../../../../aarch64-linux-gnu/bin/
LIBRARY_PATH=/usr/lib/gcc-cross/aarch64-linux-gnu/9/:/usr/lib/gcc-cross/aarch64-linux-gnu/9/../../../../aarch64-linux-gnu/lib/../lib/:/lib/aarch64-linux-gnu/:/lib/../lib/:/usr/lib/aarch64-linux-gnu/:/usr/lib/../lib/:/usr/lib/gcc-cross/aarch64-linux-gnu/9/../../../../aarch64-linux-gnu/lib/:/lib/:/usr/lib/
COLLECT_GCC_OPTIONS='-v' '-rdynamic' '-o' 'cmTC_f64bb' '-shared-libgcc' '-mlittle-endian' '-mabi=lp64'
 /usr/lib/gcc-cross/aarch64-linux-gnu/9/collect2 -plugin /usr/lib/gcc-cross/aarch64-linux-gnu/9/liblto_plugin.so -plugin-opt=/usr/lib/gcc-cross/aarch64-linux-gnu/9/lto-wrapper -plugin-opt=-fresolution=/tmp/cceJJTq1.res -plugin-opt=-pass-through=-lgcc_s -plugin-opt=-pass-through=-lgcc -plugin-opt=-pass-through=-lc -plugin-opt=-pass-through=-lgcc_s -plugin-opt=-pass-through=-lgcc --sysroot=/ --build-id --eh-frame-hdr --hash-style=gnu --as-needed -export-dynamic -dynamic-linker /lib/ld-linux-aarch64.so.1 -X -EL -maarch64linux --fix-cortex-a53-843419 -pie -z now -z relro -o cmTC_f64bb /usr/lib/gcc-cross/aarch64-linux-gnu/9/../../../../aarch64-linux-gnu/lib/../lib/Scrt1.o /usr/lib/gcc-cross/aarch64-linux-gnu/9/../../../../aarch64-linux-gnu/lib/../lib/crti.o /usr/lib/gcc-cross/aarch64-linux-gnu/9/crtbeginS.o -L/usr/lib/gcc-cross/aarch64-linux-gnu/9 -L/usr/lib/gcc-cross/aarch64-linux-gnu/9/../../../../aarch64-linux-gnu/lib/../lib -L/lib/aarch64-linux-gnu -L/lib/../lib -L/usr/lib/aarch64-linux-gnu -L/usr/lib/../lib -L/usr/lib/gcc-cross/aarch64-linux-gnu/9/../../../../aarch64-linux-gnu/lib CMakeFiles/cmTC_f64bb.dir/CMakeCXXCompilerABI.cpp.o -lstdc++ -lm -lgcc_s -lgcc -lc -lgcc_s -lgcc /usr/lib/gcc-cross/aarch64-linux-gnu/9/crtendS.o /usr/lib/gcc-cross/aarch64-linux-gnu/9/../../../../aarch64-linux-gnu/lib/../lib/crtn.o
COLLECT_GCC_OPTIONS='-v' '-rdynamic' '-o' 'cmTC_f64bb' '-shared-libgcc' '-mlittle-endian' '-mabi=lp64'
make[1]: Leaving directory '/home/zw/嵌入式设计竞赛资料/项目代码及量化模型/demo/opencv_build_aarch64/CMakeFiles/CMakeTmp'



Parsed CXX implicit include dir info from above output: rv=done
  found start of include info
  found start of implicit include info
    add: [/usr/lib/gcc-cross/aarch64-linux-gnu/9/../../../../aarch64-linux-gnu/include/c++/9]
    add: [/usr/lib/gcc-cross/aarch64-linux-gnu/9/../../../../aarch64-linux-gnu/include/c++/9/aarch64-linux-gnu]
    add: [/usr/lib/gcc-cross/aarch64-linux-gnu/9/../../../../aarch64-linux-gnu/include/c++/9/backward]
    add: [/usr/lib/gcc-cross/aarch64-linux-gnu/9/include]
    add: [/usr/lib/gcc-cross/aarch64-linux-gnu/9/../../../../aarch64-linux-gnu/include]
    add: [/usr/include/aarch64-linux-gnu]
    add: [/usr/include]
  end of search list found
  collapse include dir [/usr/lib/gcc-cross/aarch64-linux-gnu/9/../../../../aarch64-linux-gnu/include/c++/9] ==> [/usr/aarch64-linux-gnu/include/c++/9]
  collapse include dir [/usr/lib/gcc-cross/aarch64-linux-gnu/9/../../../../aarch64-linux-gnu/include/c++/9/aarch64-linux-gnu] ==> [/usr/aarch64-linux-gnu/include/c++/9/aarch64-linux-gnu]
  collapse include dir [/usr/lib/gcc-cross/aarch64-linux-gnu/9/../../../../aarch64-linux-gnu/include/c++/9/backward] ==> [/usr/aarch64-linux-gnu/include/c++/9/backward]
  collapse include dir [/usr/lib/gcc-cross/aarch64-linux-gnu/9/include] ==> [/usr/lib/gcc-cross/aarch64-linux-gnu/9/include]
  collapse include dir [/usr/lib/gcc-cross/aarch64-linux-gnu/9/../../../../aarch64-linux-gnu/include] ==> [/usr/aarch64-linux-gnu/include]
  collapse include dir [/usr/include/aarch64-linux-gnu] ==> [/usr/include/aarch64-linux-gnu]
  collapse include dir [/usr/include] ==> [/usr/include]
  implicit include dirs: [/usr/aarch64-linux-gnu/include/c++/9;/usr/aarch64-linux-gnu/include/c++/9/aarch64-linux-gnu;/usr/aarch64-linux-gnu/include/c++/9/backward;/usr/lib/gcc-cross/aarch64-linux-gnu/9/include;/usr/aarch64-linux-gnu/include;/usr/include/aarch64-linux-gnu;/usr/include]


Parsed CXX implicit link information from above output:
  link line regex: [^( *|.*[/\])(aarch64-linux-gnu-ld|CMAKE_LINK_STARTFILE-NOTFOUND|([^/\]+-)?ld|collect2)[^/\]*( |$)]
  ignore line: [Change Dir: /home/zw/嵌入式设计竞赛资料/项目代码及量化模型/demo/opencv_build_aarch64/CMakeFiles/CMakeTmp]
  ignore line: []
  ignore line: [Run Build Command(s):/usr/bin/make cmTC_f64bb/fast && /usr/bin/make -f CMakeFiles/cmTC_f64bb.dir/build.make CMakeFiles/cmTC_f64bb.dir/build]
  ignore line: [make[1]: Entering directory '/home/zw/嵌入式设计竞赛资料/项目代码及量化模型/demo/opencv_build_aarch64/CMakeFiles/CMakeTmp']
  ignore line: [Building CXX object CMakeFiles/cmTC_f64bb.dir/CMakeCXXCompilerABI.cpp.o]
  ignore line: [/usr/bin/aarch64-linux-gnu-g++    -fPIE   -v -o CMakeFiles/cmTC_f64bb.dir/CMakeCXXCompilerABI.cpp.o -c /usr/share/cmake-3.16/Modules/CMakeCXXCompilerABI.cpp]
  ignore line: [Using built-in specs.]
  ignore line: [COLLECT_GCC=/usr/bin/aarch64-linux-gnu-g++]
  ignore line: [Target: aarch64-linux-gnu]
  ignore line: [Configured with: ../src/configure -v --with-pkgversion='Ubuntu 9.4.0-1ubuntu1~20.04.2' --with-bugurl=file:///usr/share/doc/gcc-9/README.Bugs --enable-languages=c ada c++ go d fortran objc obj-c++ gm2 --prefix=/usr --with-gcc-major-version-only --program-suffix=-9 --enable-shared --enable-linker-build-id --libexecdir=/usr/lib --without-included-gettext --enable-threads=posix --libdir=/usr/lib --enable-nls --with-sysroot=/ --enable-clocale=gnu --enable-libstdcxx-debug --enable-libstdcxx-time=yes --with-default-libstdcxx-abi=new --enable-gnu-unique-object --disable-libquadmath --disable-libquadmath-support --enable-plugin --enable-default-pie --with-system-zlib --without-target-system-zlib --enable-libpth-m2 --enable-multiarch --enable-fix-cortex-a53-843419 --disable-werror --enable-checking=release --build=x86_64-linux-gnu --host=x86_64-linux-gnu --target=aarch64-linux-gnu --program-prefix=aarch64-linux-gnu- --includedir=/usr/aarch64-linux-gnu/include]
  ignore line: [Thread model: posix]
  ignore line: [gcc version 9.4.0 (Ubuntu 9.4.0-1ubuntu1~20.04.2) ]
  ignore line: [COLLECT_GCC_OPTIONS='-fPIE' '-v' '-o' 'CMakeFiles/cmTC_f64bb.dir/CMakeCXXCompilerABI.cpp.o' '-c' '-shared-libgcc' '-mlittle-endian' '-mabi=lp64']
  ignore line: [ /usr/lib/gcc-cross/aarch64-linux-gnu/9/cc1plus -quiet -v -imultiarch aarch64-linux-gnu -D_GNU_SOURCE /usr/share/cmake-3.16/Modules/CMakeCXXCompilerABI.cpp -quiet -dumpbase CMakeCXXCompilerABI.cpp -mlittle-endian -mabi=lp64 -auxbase-strip CMakeFiles/cmTC_f64bb.dir/CMakeCXXCompilerABI.cpp.o -version -fPIE -fasynchronous-unwind-tables -fstack-protector-strong -Wformat -Wformat-security -fstack-clash-protection -o /tmp/ccZ5DjTB.s]
  ignore line: [GNU C++14 (Ubuntu 9.4.0-1ubuntu1~20.04.2) version 9.4.0 (aarch64-linux-gnu)]
  ignore line: [	compiled by GNU C version 9.4.0  GMP version 6.2.0  MPFR version 4.0.2  MPC version 1.1.0  isl version isl-0.22.1-GMP]
  ignore line: []
  ignore line: [GGC heuristics: --param ggc-min-expand=100 --param ggc-min-heapsize=131072]
  ignore line: [ignoring nonexistent directory "/usr/local/include/aarch64-linux-gnu"]
  ignore line: [ignoring nonexistent directory "/usr/lib/gcc-cross/aarch64-linux-gnu/9/include-fixed"]
  ignore line: [#include "..." search starts here:]
  ignore line: [#include <...> search starts here:]
  ignore line: [ /usr/lib/gcc-cross/aarch64-linux-gnu/9/../../../../aarch64-linux-gnu/include/c++/9]
  ignore line: [ /usr/lib/gcc-cross/aarch64-linux-gnu/9/../../../../aarch64-linux-gnu/include/c++/9/aarch64-linux-gnu]
  ignore line: [ /usr/lib/gcc-cross/aarch64-linux-gnu/9/../../../../aarch64-linux-gnu/include/c++/9/backward]
  ignore line: [ /usr/lib/gcc-cross/aarch64-linux-gnu/9/include]
  ignore line: [ /usr/lib/gcc-cross/aarch64-linux-gnu/9/../../../../aarch64-linux-gnu/include]
  ignore line: [ /usr/include/aarch64-linux-gnu]
  ignore line: [ /usr/include]
  ignore line: [End of search list.]
  ignore line: [GNU C++14 (Ubuntu 9.4.0-1ubuntu1~20.04.2) version 9.4.0 (aarch64-linux-gnu)]
  ignore line: [	compiled by GNU C version 9.4.0  GMP version 6.2.0  MPFR version 4.0.2  MPC version 1.1.0  isl version isl-0.22.1-GMP]
  ignore line: []
  ignore line: [GGC heuristics: --param ggc-min-expand=100 --param ggc-min-heapsize=131072]
  ignore line: [Compiler executable checksum: 3fd62e19f7cce4e05f266e2c8c4bf6f8]
  ignore line: [COLLECT_GCC_OPTIONS='-fPIE' '-v' '-o' 'CMakeFiles/cmTC_f64bb.dir/CMakeCXXCompilerABI.cpp.o' '-c' '-shared-libgcc' '-mlittle-endian' '-mabi=lp64']
  ignore line: [ /usr/lib/gcc-cross/aarch64-linux-gnu/9/../../../../aarch64-linux-gnu/bin/as -v -EL -mabi=lp64 -o CMakeFiles/cmTC_f64bb.dir/CMakeCXXCompilerABI.cpp.o /tmp/ccZ5DjTB.s]
  ignore line: [GNU assembler version 2.34 (aarch64-linux-gnu) using BFD version (GNU Binutils for Ubuntu) 2.34]
  ignore line: [COMPILER_PATH=/usr/lib/gcc-cross/aarch64-linux-gnu/9/:/usr/lib/gcc-cross/aarch64-linux-gnu/9/:/usr/lib/gcc-cross/aarch64-linux-gnu/:/usr/lib/gcc-cross/aarch64-linux-gnu/9/:/usr/lib/gcc-cross/aarch64-linux-gnu/:/usr/lib/gcc-cross/aarch64-linux-gnu/9/../../../../aarch64-linux-gnu/bin/]
  ignore line: [LIBRARY_PATH=/usr/lib/gcc-cross/aarch64-linux-gnu/9/:/usr/lib/gcc-cross/aarch64-linux-gnu/9/../../../../aarch64-linux-gnu/lib/../lib/:/lib/aarch64-linux-gnu/:/lib/../lib/:/usr/lib/aarch64-linux-gnu/:/usr/lib/../lib/:/usr/lib/gcc-cross/aarch64-linux-gnu/9/../../../../aarch64-linux-gnu/lib/:/lib/:/usr/lib/]
  ignore line: [COLLECT_GCC_OPTIONS='-fPIE' '-v' '-o' 'CMakeFiles/cmTC_f64bb.dir/CMakeCXXCompilerABI.cpp.o' '-c' '-shared-libgcc' '-mlittle-endian' '-mabi=lp64']
  ignore line: [Linking CXX executable cmTC_f64bb]
  ignore line: [/usr/bin/cmake -E cmake_link_script CMakeFiles/cmTC_f64bb.dir/link.txt --verbose=1]
  ignore line: [/usr/bin/aarch64-linux-gnu-g++      -v -rdynamic CMakeFiles/cmTC_f64bb.dir/CMakeCXXCompilerABI.cpp.o  -o cmTC_f64bb ]
  ignore line: [Using built-in specs.]
  ignore line: [COLLECT_GCC=/usr/bin/aarch64-linux-gnu-g++]
  ignore line: [COLLECT_LTO_WRAPPER=/usr/lib/gcc-cross/aarch64-linux-gnu/9/lto-wrapper]
  ignore line: [Target: aarch64-linux-gnu]
  ignore line: [Configured with: ../src/configure -v --with-pkgversion='Ubuntu 9.4.0-1ubuntu1~20.04.2' --with-bugurl=file:///usr/share/doc/gcc-9/README.Bugs --enable-languages=c ada c++ go d fortran objc obj-c++ gm2 --prefix=/usr --with-gcc-major-version-only --program-suffix=-9 --enable-shared --enable-linker-build-id --libexecdir=/usr/lib --without-included-gettext --enable-threads=posix --libdir=/usr/lib --enable-nls --with-sysroot=/ --enable-clocale=gnu --enable-libstdcxx-debug --enable-libstdcxx-time=yes --with-default-libstdcxx-abi=new --enable-gnu-unique-object --disable-libquadmath --disable-libquadmath-support --enable-plugin --enable-default-pie --with-system-zlib --without-target-system-zlib --enable-libpth-m2 --enable-multiarch --enable-fix-cortex-a53-843419 --disable-werror --enable-checking=release --build=x86_64-linux-gnu --host=x86_64-linux-gnu --target=aarch64-linux-gnu --program-prefix=aarch64-linux-gnu- --includedir=/usr/aarch64-linux-gnu/include]
  ignore line: [Thread model: posix]
  ignore line: [gcc version 9.4.0 (Ubuntu 9.4.0-1ubuntu1~20.04.2) ]
  ignore line: [COMPILER_PATH=/usr/lib/gcc-cross/aarch64-linux-gnu/9/:/usr/lib/gcc-cross/aarch64-linux-gnu/9/:/usr/lib/gcc-cross/aarch64-linux-gnu/:/usr/lib/gcc-cross/aarch64-linux-gnu/9/:/usr/lib/gcc-cross/aarch64-linux-gnu/:/usr/lib/gcc-cross/aarch64-linux-gnu/9/../../../../aarch64-linux-gnu/bin/]
  ignore line: [LIBRARY_PATH=/usr/lib/gcc-cross/aarch64-linux-gnu/9/:/usr/lib/gcc-cross/aarch64-linux-gnu/9/../../../../aarch64-linux-gnu/lib/../lib/:/lib/aarch64-linux-gnu/:/lib/../lib/:/usr/lib/aarch64-linux-gnu/:/usr/lib/../lib/:/usr/lib/gcc-cross/aarch64-linux-gnu/9/../../../../aarch64-linux-gnu/lib/:/lib/:/usr/lib/]
  ignore line: [COLLECT_GCC_OPTIONS='-v' '-rdynamic' '-o' 'cmTC_f64bb' '-shared-libgcc' '-mlittle-endian' '-mabi=lp64']
  link line: [ /usr/lib/gcc-cross/aarch64-linux-gnu/9/collect2 -plugin /usr/lib/gcc-cross/aarch64-linux-gnu/9/liblto_plugin.so -plugin-opt=/usr/lib/gcc-cross/aarch64-linux-gnu/9/lto-wrapper -plugin-opt=-fresolution=/tmp/cceJJTq1.res -plugin-opt=-pass-through=-lgcc_s -plugin-opt=-pass-through=-lgcc -plugin-opt=-pass-through=-lc -plugin-opt=-pass-through=-lgcc_s -plugin-opt=-pass-through=-lgcc --sysroot=/ --build-id --eh-frame-hdr --hash-style=gnu --as-needed -export-dynamic -dynamic-linker /lib/ld-linux-aarch64.so.1 -X -EL -maarch64linux --fix-cortex-a53-843419 -pie -z now -z relro -o cmTC_f64bb /usr/lib/gcc-cross/aarch64-linux-gnu/9/../../../../aarch64-linux-gnu/lib/../lib/Scrt1.o /usr/lib/gcc-cross/aarch64-linux-gnu/9/../../../../aarch64-linux-gnu/lib/../lib/crti.o /usr/lib/gcc-cross/aarch64-linux-gnu/9/crtbeginS.o -L/usr/lib/gcc-cross/aarch64-linux-gnu/9 -L/usr/lib/gcc-cross/aarch64-linux-gnu/9/../../../../aarch64-linux-gnu/lib/../lib -L/lib/aarch64-linux-gnu -L/lib/../lib -L/usr/lib/aarch64-linux-gnu -L/usr/lib/../lib -L/usr/lib/gcc-cross/aarch64-linux-gnu/9/../../../../aarch64-linux-gnu/lib CMakeFiles/cmTC_f64bb.dir/CMakeCXXCompilerABI.cpp.o -lstdc++ -lm -lgcc_s -lgcc -lc -lgcc_s -lgcc /usr/lib/gcc-cross/aarch64-linux-gnu/9/crtendS.o /usr/lib/gcc-cross/aarch64-linux-gnu/9/../../../../aarch64-linux-gnu/lib/../lib/crtn.o]
    arg [/usr/lib/gcc-cross/aarch64-linux-gnu/9/collect2] ==> ignore
    arg [-plugin] ==> ignore
    arg [/usr/lib/gcc-cross/aarch64-linux-gnu/9/liblto_plugin.so] ==> ignore
    arg [-plugin-opt=/usr/lib/gcc-cross/aarch64-linux-gnu/9/lto-wrapper] ==> ignore
    arg [-plugin-opt=-fresolution=/tmp/cceJJTq1.res] ==> ignore
    arg [-plugin-opt=-pass-through=-lgcc_s] ==> ignore
    arg [-plugin-opt=-pass-through=-lgcc] ==> ignore
    arg [-plugin-opt=-pass-through=-lc] ==> ignore
    arg [-plugin-opt=-pass-through=-lgcc_s] ==> ignore
    arg [-plugin-opt=-pass-through=-lgcc] ==> ignore
    arg [--sysroot=/] ==> ignore
    arg [--build-id] ==> ignore
    arg [--eh-frame-hdr] ==> ignore
    arg [--hash-style=gnu] ==> ignore
    arg [--as-needed] ==> ignore
    arg [-export-dynamic] ==> ignore
    arg [-dynamic-linker] ==> ignore
    arg [/lib/ld-linux-aarch64.so.1] ==> ignore
    arg [-X] ==> ignore
    arg [-EL] ==> ignore
    arg [-maarch64linux] ==> ignore
    arg [--fix-cortex-a53-843419] ==> ignore
    arg [-pie] ==> ignore
    arg [-znow] ==> ignore
    arg [-zrelro] ==> ignore
    arg [-o] ==> ignore
    arg [cmTC_f64bb] ==> ignore
    arg [/usr/lib/gcc-cross/aarch64-linux-gnu/9/../../../../aarch64-linux-gnu/lib/../lib/Scrt1.o] ==> ignore
    arg [/usr/lib/gcc-cross/aarch64-linux-gnu/9/../../../../aarch64-linux-gnu/lib/../lib/crti.o] ==> ignore
    arg [/usr/lib/gcc-cross/aarch64-linux-gnu/9/crtbeginS.o] ==> ignore
    arg [-L/usr/lib/gcc-cross/aarch64-linux-gnu/9] ==> dir [/usr/lib/gcc-cross/aarch64-linux-gnu/9]
    arg [-L/usr/lib/gcc-cross/aarch64-linux-gnu/9/../../../../aarch64-linux-gnu/lib/../lib] ==> dir [/usr/lib/gcc-cross/aarch64-linux-gnu/9/../../../../aarch64-linux-gnu/lib/../lib]
    arg [-L/lib/aarch64-linux-gnu] ==> dir [/lib/aarch64-linux-gnu]
    arg [-L/lib/../lib] ==> dir [/lib/../lib]
    arg [-L/usr/lib/aarch64-linux-gnu] ==> dir [/usr/lib/aarch64-linux-gnu]
    arg [-L/usr/lib/../lib] ==> dir [/usr/lib/../lib]
    arg [-L/usr/lib/gcc-cross/aarch64-linux-gnu/9/../../../../aarch64-linux-gnu/lib] ==> dir [/usr/lib/gcc-cross/aarch64-linux-gnu/9/../../../../aarch64-linux-gnu/lib]
    arg [CMakeFiles/cmTC_f64bb.dir/CMakeCXXCompilerABI.cpp.o] ==> ignore
    arg [-lstdc++] ==> lib [stdc++]
    arg [-lm] ==> lib [m]
    arg [-lgcc_s] ==> lib [gcc_s]
    arg [-lgcc] ==> lib [gcc]
    arg [-lc] ==> lib [c]
    arg [-lgcc_s] ==> lib [gcc_s]
    arg [-lgcc] ==> lib [gcc]
    arg [/usr/lib/gcc-cross/aarch64-linux-gnu/9/crtendS.o] ==> ignore
    arg [/usr/lib/gcc-cross/aarch64-linux-gnu/9/../../../../aarch64-linux-gnu/lib/../lib/crtn.o] ==> ignore
  collapse library dir [/usr/lib/gcc-cross/aarch64-linux-gnu/9] ==> [/usr/lib/gcc-cross/aarch64-linux-gnu/9]
  collapse library dir [/usr/lib/gcc-cross/aarch64-linux-gnu/9/../../../../aarch64-linux-gnu/lib/../lib] ==> [/usr/aarch64-linux-gnu/lib]
  collapse library dir [/lib/aarch64-linux-gnu] ==> [/lib/aarch64-linux-gnu]
  collapse library dir [/lib/../lib] ==> [/lib]
  collapse library dir [/usr/lib/aarch64-linux-gnu] ==> [/usr/lib/aarch64-linux-gnu]
  collapse library dir [/usr/lib/../lib] ==> [/usr/lib]
  collapse library dir [/usr/lib/gcc-cross/aarch64-linux-gnu/9/../../../../aarch64-linux-gnu/lib] ==> [/usr/aarch64-linux-gnu/lib]
  implicit libs: [stdc++;m;gcc_s;gcc;c;gcc_s;gcc]
  implicit dirs: [/usr/lib/gcc-cross/aarch64-linux-gnu/9;/usr/aarch64-linux-gnu/lib;/lib/aarch64-linux-gnu;/lib;/usr/lib/aarch64-linux-gnu;/usr/lib]
  implicit fwks: []


Determining if the C compiler works passed with the following output:
Change Dir: /home/zw/嵌入式设计竞赛资料/项目代码及量化模型/demo/opencv_build_aarch64/CMakeFiles/CMakeTmp

Run Build Command(s):/usr/bin/make cmTC_ca2d5/fast && /usr/bin/make -f CMakeFiles/cmTC_ca2d5.dir/build.make CMakeFiles/cmTC_ca2d5.dir/build
make[1]: 进入目录“/home/zw/嵌入式设计竞赛资料/项目代码及量化模型/demo/opencv_build_aarch64/CMakeFiles/CMakeTmp”
Building C object CMakeFiles/cmTC_ca2d5.dir/testCCompiler.c.o
/usr/bin/aarch64-linux-gnu-gcc   -fPIE   -o CMakeFiles/cmTC_ca2d5.dir/testCCompiler.c.o   -c /home/zw/嵌入式设计竞赛资料/项目代码及量化模型/demo/opencv_build_aarch64/CMakeFiles/CMakeTmp/testCCompiler.c
Linking C executable cmTC_ca2d5
/usr/bin/cmake -E cmake_link_script CMakeFiles/cmTC_ca2d5.dir/link.txt --verbose=1
/usr/bin/aarch64-linux-gnu-gcc      -rdynamic CMakeFiles/cmTC_ca2d5.dir/testCCompiler.c.o  -o cmTC_ca2d5 
make[1]: 离开目录“/home/zw/嵌入式设计竞赛资料/项目代码及量化模型/demo/opencv_build_aarch64/CMakeFiles/CMakeTmp”



Detecting C compiler ABI info compiled with the following output:
Change Dir: /home/zw/嵌入式设计竞赛资料/项目代码及量化模型/demo/opencv_build_aarch64/CMakeFiles/CMakeTmp

Run Build Command(s):/usr/bin/make cmTC_f7468/fast && /usr/bin/make -f CMakeFiles/cmTC_f7468.dir/build.make CMakeFiles/cmTC_f7468.dir/build
make[1]: Entering directory '/home/zw/嵌入式设计竞赛资料/项目代码及量化模型/demo/opencv_build_aarch64/CMakeFiles/CMakeTmp'
Building C object CMakeFiles/cmTC_f7468.dir/CMakeCCompilerABI.c.o
/usr/bin/aarch64-linux-gnu-gcc   -fPIE   -v -o CMakeFiles/cmTC_f7468.dir/CMakeCCompilerABI.c.o   -c /usr/share/cmake-3.16/Modules/CMakeCCompilerABI.c
Using built-in specs.
COLLECT_GCC=/usr/bin/aarch64-linux-gnu-gcc
Target: aarch64-linux-gnu
Configured with: ../src/configure -v --with-pkgversion='Ubuntu 9.4.0-1ubuntu1~20.04.2' --with-bugurl=file:///usr/share/doc/gcc-9/README.Bugs --enable-languages=c,ada,c++,go,d,fortran,objc,obj-c++,gm2 --prefix=/usr --with-gcc-major-version-only --program-suffix=-9 --enable-shared --enable-linker-build-id --libexecdir=/usr/lib --without-included-gettext --enable-threads=posix --libdir=/usr/lib --enable-nls --with-sysroot=/ --enable-clocale=gnu --enable-libstdcxx-debug --enable-libstdcxx-time=yes --with-default-libstdcxx-abi=new --enable-gnu-unique-object --disable-libquadmath --disable-libquadmath-support --enable-plugin --enable-default-pie --with-system-zlib --without-target-system-zlib --enable-libpth-m2 --enable-multiarch --enable-fix-cortex-a53-843419 --disable-werror --enable-checking=release --build=x86_64-linux-gnu --host=x86_64-linux-gnu --target=aarch64-linux-gnu --program-prefix=aarch64-linux-gnu- --includedir=/usr/aarch64-linux-gnu/include
Thread model: posix
gcc version 9.4.0 (Ubuntu 9.4.0-1ubuntu1~20.04.2) 
COLLECT_GCC_OPTIONS='-fPIE' '-v' '-o' 'CMakeFiles/cmTC_f7468.dir/CMakeCCompilerABI.c.o' '-c' '-mlittle-endian' '-mabi=lp64'
 /usr/lib/gcc-cross/aarch64-linux-gnu/9/cc1 -quiet -v -imultiarch aarch64-linux-gnu /usr/share/cmake-3.16/Modules/CMakeCCompilerABI.c -quiet -dumpbase CMakeCCompilerABI.c -mlittle-endian -mabi=lp64 -auxbase-strip CMakeFiles/cmTC_f7468.dir/CMakeCCompilerABI.c.o -version -fPIE -fasynchronous-unwind-tables -fstack-protector-strong -Wformat -Wformat-security -fstack-clash-protection -o /tmp/cc1shF3v.s
GNU C17 (Ubuntu 9.4.0-1ubuntu1~20.04.2) version 9.4.0 (aarch64-linux-gnu)
	compiled by GNU C version 9.4.0, GMP version 6.2.0, MPFR version 4.0.2, MPC version 1.1.0, isl version isl-0.22.1-GMP

GGC heuristics: --param ggc-min-expand=100 --param ggc-min-heapsize=131072
ignoring nonexistent directory "/usr/local/include/aarch64-linux-gnu"
ignoring nonexistent directory "/usr/lib/gcc-cross/aarch64-linux-gnu/9/include-fixed"
#include "..." search starts here:
#include <...> search starts here:
 /usr/lib/gcc-cross/aarch64-linux-gnu/9/include
 /usr/lib/gcc-cross/aarch64-linux-gnu/9/../../../../aarch64-linux-gnu/include
 /usr/include/aarch64-linux-gnu
 /usr/include
End of search list.
GNU C17 (Ubuntu 9.4.0-1ubuntu1~20.04.2) version 9.4.0 (aarch64-linux-gnu)
	compiled by GNU C version 9.4.0, GMP version 6.2.0, MPFR version 4.0.2, MPC version 1.1.0, isl version isl-0.22.1-GMP

GGC heuristics: --param ggc-min-expand=100 --param ggc-min-heapsize=131072
Compiler executable checksum: 7c96b3e1825287ceb20c1cefbe546b91
COLLECT_GCC_OPTIONS='-fPIE' '-v' '-o' 'CMakeFiles/cmTC_f7468.dir/CMakeCCompilerABI.c.o' '-c' '-mlittle-endian' '-mabi=lp64'
 /usr/lib/gcc-cross/aarch64-linux-gnu/9/../../../../aarch64-linux-gnu/bin/as -v -EL -mabi=lp64 -o CMakeFiles/cmTC_f7468.dir/CMakeCCompilerABI.c.o /tmp/cc1shF3v.s
GNU assembler version 2.34 (aarch64-linux-gnu) using BFD version (GNU Binutils for Ubuntu) 2.34
COMPILER_PATH=/usr/lib/gcc-cross/aarch64-linux-gnu/9/:/usr/lib/gcc-cross/aarch64-linux-gnu/9/:/usr/lib/gcc-cross/aarch64-linux-gnu/:/usr/lib/gcc-cross/aarch64-linux-gnu/9/:/usr/lib/gcc-cross/aarch64-linux-gnu/:/usr/lib/gcc-cross/aarch64-linux-gnu/9/../../../../aarch64-linux-gnu/bin/
LIBRARY_PATH=/usr/lib/gcc-cross/aarch64-linux-gnu/9/:/usr/lib/gcc-cross/aarch64-linux-gnu/9/../../../../aarch64-linux-gnu/lib/../lib/:/lib/aarch64-linux-gnu/:/lib/../lib/:/usr/lib/aarch64-linux-gnu/:/usr/lib/../lib/:/usr/lib/gcc-cross/aarch64-linux-gnu/9/../../../../aarch64-linux-gnu/lib/:/lib/:/usr/lib/
COLLECT_GCC_OPTIONS='-fPIE' '-v' '-o' 'CMakeFiles/cmTC_f7468.dir/CMakeCCompilerABI.c.o' '-c' '-mlittle-endian' '-mabi=lp64'
Linking C executable cmTC_f7468
/usr/bin/cmake -E cmake_link_script CMakeFiles/cmTC_f7468.dir/link.txt --verbose=1
/usr/bin/aarch64-linux-gnu-gcc     -v -rdynamic CMakeFiles/cmTC_f7468.dir/CMakeCCompilerABI.c.o  -o cmTC_f7468 
Using built-in specs.
COLLECT_GCC=/usr/bin/aarch64-linux-gnu-gcc
COLLECT_LTO_WRAPPER=/usr/lib/gcc-cross/aarch64-linux-gnu/9/lto-wrapper
Target: aarch64-linux-gnu
Configured with: ../src/configure -v --with-pkgversion='Ubuntu 9.4.0-1ubuntu1~20.04.2' --with-bugurl=file:///usr/share/doc/gcc-9/README.Bugs --enable-languages=c,ada,c++,go,d,fortran,objc,obj-c++,gm2 --prefix=/usr --with-gcc-major-version-only --program-suffix=-9 --enable-shared --enable-linker-build-id --libexecdir=/usr/lib --without-included-gettext --enable-threads=posix --libdir=/usr/lib --enable-nls --with-sysroot=/ --enable-clocale=gnu --enable-libstdcxx-debug --enable-libstdcxx-time=yes --with-default-libstdcxx-abi=new --enable-gnu-unique-object --disable-libquadmath --disable-libquadmath-support --enable-plugin --enable-default-pie --with-system-zlib --without-target-system-zlib --enable-libpth-m2 --enable-multiarch --enable-fix-cortex-a53-843419 --disable-werror --enable-checking=release --build=x86_64-linux-gnu --host=x86_64-linux-gnu --target=aarch64-linux-gnu --program-prefix=aarch64-linux-gnu- --includedir=/usr/aarch64-linux-gnu/include
Thread model: posix
gcc version 9.4.0 (Ubuntu 9.4.0-1ubuntu1~20.04.2) 
COMPILER_PATH=/usr/lib/gcc-cross/aarch64-linux-gnu/9/:/usr/lib/gcc-cross/aarch64-linux-gnu/9/:/usr/lib/gcc-cross/aarch64-linux-gnu/:/usr/lib/gcc-cross/aarch64-linux-gnu/9/:/usr/lib/gcc-cross/aarch64-linux-gnu/:/usr/lib/gcc-cross/aarch64-linux-gnu/9/../../../../aarch64-linux-gnu/bin/
LIBRARY_PATH=/usr/lib/gcc-cross/aarch64-linux-gnu/9/:/usr/lib/gcc-cross/aarch64-linux-gnu/9/../../../../aarch64-linux-gnu/lib/../lib/:/lib/aarch64-linux-gnu/:/lib/../lib/:/usr/lib/aarch64-linux-gnu/:/usr/lib/../lib/:/usr/lib/gcc-cross/aarch64-linux-gnu/9/../../../../aarch64-linux-gnu/lib/:/lib/:/usr/lib/
COLLECT_GCC_OPTIONS='-v' '-rdynamic' '-o' 'cmTC_f7468' '-mlittle-endian' '-mabi=lp64'
 /usr/lib/gcc-cross/aarch64-linux-gnu/9/collect2 -plugin /usr/lib/gcc-cross/aarch64-linux-gnu/9/liblto_plugin.so -plugin-opt=/usr/lib/gcc-cross/aarch64-linux-gnu/9/lto-wrapper -plugin-opt=-fresolution=/tmp/cckBaCq1.res -plugin-opt=-pass-through=-lgcc -plugin-opt=-pass-through=-lgcc_s -plugin-opt=-pass-through=-lc -plugin-opt=-pass-through=-lgcc -plugin-opt=-pass-through=-lgcc_s --sysroot=/ --build-id --eh-frame-hdr --hash-style=gnu --as-needed -export-dynamic -dynamic-linker /lib/ld-linux-aarch64.so.1 -X -EL -maarch64linux --fix-cortex-a53-843419 -pie -z now -z relro -o cmTC_f7468 /usr/lib/gcc-cross/aarch64-linux-gnu/9/../../../../aarch64-linux-gnu/lib/../lib/Scrt1.o /usr/lib/gcc-cross/aarch64-linux-gnu/9/../../../../aarch64-linux-gnu/lib/../lib/crti.o /usr/lib/gcc-cross/aarch64-linux-gnu/9/crtbeginS.o -L/usr/lib/gcc-cross/aarch64-linux-gnu/9 -L/usr/lib/gcc-cross/aarch64-linux-gnu/9/../../../../aarch64-linux-gnu/lib/../lib -L/lib/aarch64-linux-gnu -L/lib/../lib -L/usr/lib/aarch64-linux-gnu -L/usr/lib/../lib -L/usr/lib/gcc-cross/aarch64-linux-gnu/9/../../../../aarch64-linux-gnu/lib CMakeFiles/cmTC_f7468.dir/CMakeCCompilerABI.c.o -lgcc --push-state --as-needed -lgcc_s --pop-state -lc -lgcc --push-state --as-needed -lgcc_s --pop-state /usr/lib/gcc-cross/aarch64-linux-gnu/9/crtendS.o /usr/lib/gcc-cross/aarch64-linux-gnu/9/../../../../aarch64-linux-gnu/lib/../lib/crtn.o
COLLECT_GCC_OPTIONS='-v' '-rdynamic' '-o' 'cmTC_f7468' '-mlittle-endian' '-mabi=lp64'
make[1]: Leaving directory '/home/zw/嵌入式设计竞赛资料/项目代码及量化模型/demo/opencv_build_aarch64/CMakeFiles/CMakeTmp'



Parsed C implicit include dir info from above output: rv=done
  found start of include info
  found start of implicit include info
    add: [/usr/lib/gcc-cross/aarch64-linux-gnu/9/include]
    add: [/usr/lib/gcc-cross/aarch64-linux-gnu/9/../../../../aarch64-linux-gnu/include]
    add: [/usr/include/aarch64-linux-gnu]
    add: [/usr/include]
  end of search list found
  collapse include dir [/usr/lib/gcc-cross/aarch64-linux-gnu/9/include] ==> [/usr/lib/gcc-cross/aarch64-linux-gnu/9/include]
  collapse include dir [/usr/lib/gcc-cross/aarch64-linux-gnu/9/../../../../aarch64-linux-gnu/include] ==> [/usr/aarch64-linux-gnu/include]
  collapse include dir [/usr/include/aarch64-linux-gnu] ==> [/usr/include/aarch64-linux-gnu]
  collapse include dir [/usr/include] ==> [/usr/include]
  implicit include dirs: [/usr/lib/gcc-cross/aarch64-linux-gnu/9/include;/usr/aarch64-linux-gnu/include;/usr/include/aarch64-linux-gnu;/usr/include]


Parsed C implicit link information from above output:
  link line regex: [^( *|.*[/\])(aarch64-linux-gnu-ld|CMAKE_LINK_STARTFILE-NOTFOUND|([^/\]+-)?ld|collect2)[^/\]*( |$)]
  ignore line: [Change Dir: /home/zw/嵌入式设计竞赛资料/项目代码及量化模型/demo/opencv_build_aarch64/CMakeFiles/CMakeTmp]
  ignore line: []
  ignore line: [Run Build Command(s):/usr/bin/make cmTC_f7468/fast && /usr/bin/make -f CMakeFiles/cmTC_f7468.dir/build.make CMakeFiles/cmTC_f7468.dir/build]
  ignore line: [make[1]: Entering directory '/home/zw/嵌入式设计竞赛资料/项目代码及量化模型/demo/opencv_build_aarch64/CMakeFiles/CMakeTmp']
  ignore line: [Building C object CMakeFiles/cmTC_f7468.dir/CMakeCCompilerABI.c.o]
  ignore line: [/usr/bin/aarch64-linux-gnu-gcc   -fPIE   -v -o CMakeFiles/cmTC_f7468.dir/CMakeCCompilerABI.c.o   -c /usr/share/cmake-3.16/Modules/CMakeCCompilerABI.c]
  ignore line: [Using built-in specs.]
  ignore line: [COLLECT_GCC=/usr/bin/aarch64-linux-gnu-gcc]
  ignore line: [Target: aarch64-linux-gnu]
  ignore line: [Configured with: ../src/configure -v --with-pkgversion='Ubuntu 9.4.0-1ubuntu1~20.04.2' --with-bugurl=file:///usr/share/doc/gcc-9/README.Bugs --enable-languages=c ada c++ go d fortran objc obj-c++ gm2 --prefix=/usr --with-gcc-major-version-only --program-suffix=-9 --enable-shared --enable-linker-build-id --libexecdir=/usr/lib --without-included-gettext --enable-threads=posix --libdir=/usr/lib --enable-nls --with-sysroot=/ --enable-clocale=gnu --enable-libstdcxx-debug --enable-libstdcxx-time=yes --with-default-libstdcxx-abi=new --enable-gnu-unique-object --disable-libquadmath --disable-libquadmath-support --enable-plugin --enable-default-pie --with-system-zlib --without-target-system-zlib --enable-libpth-m2 --enable-multiarch --enable-fix-cortex-a53-843419 --disable-werror --enable-checking=release --build=x86_64-linux-gnu --host=x86_64-linux-gnu --target=aarch64-linux-gnu --program-prefix=aarch64-linux-gnu- --includedir=/usr/aarch64-linux-gnu/include]
  ignore line: [Thread model: posix]
  ignore line: [gcc version 9.4.0 (Ubuntu 9.4.0-1ubuntu1~20.04.2) ]
  ignore line: [COLLECT_GCC_OPTIONS='-fPIE' '-v' '-o' 'CMakeFiles/cmTC_f7468.dir/CMakeCCompilerABI.c.o' '-c' '-mlittle-endian' '-mabi=lp64']
  ignore line: [ /usr/lib/gcc-cross/aarch64-linux-gnu/9/cc1 -quiet -v -imultiarch aarch64-linux-gnu /usr/share/cmake-3.16/Modules/CMakeCCompilerABI.c -quiet -dumpbase CMakeCCompilerABI.c -mlittle-endian -mabi=lp64 -auxbase-strip CMakeFiles/cmTC_f7468.dir/CMakeCCompilerABI.c.o -version -fPIE -fasynchronous-unwind-tables -fstack-protector-strong -Wformat -Wformat-security -fstack-clash-protection -o /tmp/cc1shF3v.s]
  ignore line: [GNU C17 (Ubuntu 9.4.0-1ubuntu1~20.04.2) version 9.4.0 (aarch64-linux-gnu)]
  ignore line: [	compiled by GNU C version 9.4.0  GMP version 6.2.0  MPFR version 4.0.2  MPC version 1.1.0  isl version isl-0.22.1-GMP]
  ignore line: []
  ignore line: [GGC heuristics: --param ggc-min-expand=100 --param ggc-min-heapsize=131072]
  ignore line: [ignoring nonexistent directory "/usr/local/include/aarch64-linux-gnu"]
  ignore line: [ignoring nonexistent directory "/usr/lib/gcc-cross/aarch64-linux-gnu/9/include-fixed"]
  ignore line: [#include "..." search starts here:]
  ignore line: [#include <...> search starts here:]
  ignore line: [ /usr/lib/gcc-cross/aarch64-linux-gnu/9/include]
  ignore line: [ /usr/lib/gcc-cross/aarch64-linux-gnu/9/../../../../aarch64-linux-gnu/include]
  ignore line: [ /usr/include/aarch64-linux-gnu]
  ignore line: [ /usr/include]
  ignore line: [End of search list.]
  ignore line: [GNU C17 (Ubuntu 9.4.0-1ubuntu1~20.04.2) version 9.4.0 (aarch64-linux-gnu)]
  ignore line: [	compiled by GNU C version 9.4.0  GMP version 6.2.0  MPFR version 4.0.2  MPC version 1.1.0  isl version isl-0.22.1-GMP]
  ignore line: []
  ignore line: [GGC heuristics: --param ggc-min-expand=100 --param ggc-min-heapsize=131072]
  ignore line: [Compiler executable checksum: 7c96b3e1825287ceb20c1cefbe546b91]
  ignore line: [COLLECT_GCC_OPTIONS='-fPIE' '-v' '-o' 'CMakeFiles/cmTC_f7468.dir/CMakeCCompilerABI.c.o' '-c' '-mlittle-endian' '-mabi=lp64']
  ignore line: [ /usr/lib/gcc-cross/aarch64-linux-gnu/9/../../../../aarch64-linux-gnu/bin/as -v -EL -mabi=lp64 -o CMakeFiles/cmTC_f7468.dir/CMakeCCompilerABI.c.o /tmp/cc1shF3v.s]
  ignore line: [GNU assembler version 2.34 (aarch64-linux-gnu) using BFD version (GNU Binutils for Ubuntu) 2.34]
  ignore line: [COMPILER_PATH=/usr/lib/gcc-cross/aarch64-linux-gnu/9/:/usr/lib/gcc-cross/aarch64-linux-gnu/9/:/usr/lib/gcc-cross/aarch64-linux-gnu/:/usr/lib/gcc-cross/aarch64-linux-gnu/9/:/usr/lib/gcc-cross/aarch64-linux-gnu/:/usr/lib/gcc-cross/aarch64-linux-gnu/9/../../../../aarch64-linux-gnu/bin/]
  ignore line: [LIBRARY_PATH=/usr/lib/gcc-cross/aarch64-linux-gnu/9/:/usr/lib/gcc-cross/aarch64-linux-gnu/9/../../../../aarch64-linux-gnu/lib/../lib/:/lib/aarch64-linux-gnu/:/lib/../lib/:/usr/lib/aarch64-linux-gnu/:/usr/lib/../lib/:/usr/lib/gcc-cross/aarch64-linux-gnu/9/../../../../aarch64-linux-gnu/lib/:/lib/:/usr/lib/]
  ignore line: [COLLECT_GCC_OPTIONS='-fPIE' '-v' '-o' 'CMakeFiles/cmTC_f7468.dir/CMakeCCompilerABI.c.o' '-c' '-mlittle-endian' '-mabi=lp64']
  ignore line: [Linking C executable cmTC_f7468]
  ignore line: [/usr/bin/cmake -E cmake_link_script CMakeFiles/cmTC_f7468.dir/link.txt --verbose=1]
  ignore line: [/usr/bin/aarch64-linux-gnu-gcc     -v -rdynamic CMakeFiles/cmTC_f7468.dir/CMakeCCompilerABI.c.o  -o cmTC_f7468 ]
  ignore line: [Using built-in specs.]
  ignore line: [COLLECT_GCC=/usr/bin/aarch64-linux-gnu-gcc]
  ignore line: [COLLECT_LTO_WRAPPER=/usr/lib/gcc-cross/aarch64-linux-gnu/9/lto-wrapper]
  ignore line: [Target: aarch64-linux-gnu]
  ignore line: [Configured with: ../src/configure -v --with-pkgversion='Ubuntu 9.4.0-1ubuntu1~20.04.2' --with-bugurl=file:///usr/share/doc/gcc-9/README.Bugs --enable-languages=c ada c++ go d fortran objc obj-c++ gm2 --prefix=/usr --with-gcc-major-version-only --program-suffix=-9 --enable-shared --enable-linker-build-id --libexecdir=/usr/lib --without-included-gettext --enable-threads=posix --libdir=/usr/lib --enable-nls --with-sysroot=/ --enable-clocale=gnu --enable-libstdcxx-debug --enable-libstdcxx-time=yes --with-default-libstdcxx-abi=new --enable-gnu-unique-object --disable-libquadmath --disable-libquadmath-support --enable-plugin --enable-default-pie --with-system-zlib --without-target-system-zlib --enable-libpth-m2 --enable-multiarch --enable-fix-cortex-a53-843419 --disable-werror --enable-checking=release --build=x86_64-linux-gnu --host=x86_64-linux-gnu --target=aarch64-linux-gnu --program-prefix=aarch64-linux-gnu- --includedir=/usr/aarch64-linux-gnu/include]
  ignore line: [Thread model: posix]
  ignore line: [gcc version 9.4.0 (Ubuntu 9.4.0-1ubuntu1~20.04.2) ]
  ignore line: [COMPILER_PATH=/usr/lib/gcc-cross/aarch64-linux-gnu/9/:/usr/lib/gcc-cross/aarch64-linux-gnu/9/:/usr/lib/gcc-cross/aarch64-linux-gnu/:/usr/lib/gcc-cross/aarch64-linux-gnu/9/:/usr/lib/gcc-cross/aarch64-linux-gnu/:/usr/lib/gcc-cross/aarch64-linux-gnu/9/../../../../aarch64-linux-gnu/bin/]
  ignore line: [LIBRARY_PATH=/usr/lib/gcc-cross/aarch64-linux-gnu/9/:/usr/lib/gcc-cross/aarch64-linux-gnu/9/../../../../aarch64-linux-gnu/lib/../lib/:/lib/aarch64-linux-gnu/:/lib/../lib/:/usr/lib/aarch64-linux-gnu/:/usr/lib/../lib/:/usr/lib/gcc-cross/aarch64-linux-gnu/9/../../../../aarch64-linux-gnu/lib/:/lib/:/usr/lib/]
  ignore line: [COLLECT_GCC_OPTIONS='-v' '-rdynamic' '-o' 'cmTC_f7468' '-mlittle-endian' '-mabi=lp64']
  link line: [ /usr/lib/gcc-cross/aarch64-linux-gnu/9/collect2 -plugin /usr/lib/gcc-cross/aarch64-linux-gnu/9/liblto_plugin.so -plugin-opt=/usr/lib/gcc-cross/aarch64-linux-gnu/9/lto-wrapper -plugin-opt=-fresolution=/tmp/cckBaCq1.res -plugin-opt=-pass-through=-lgcc -plugin-opt=-pass-through=-lgcc_s -plugin-opt=-pass-through=-lc -plugin-opt=-pass-through=-lgcc -plugin-opt=-pass-through=-lgcc_s --sysroot=/ --build-id --eh-frame-hdr --hash-style=gnu --as-needed -export-dynamic -dynamic-linker /lib/ld-linux-aarch64.so.1 -X -EL -maarch64linux --fix-cortex-a53-843419 -pie -z now -z relro -o cmTC_f7468 /usr/lib/gcc-cross/aarch64-linux-gnu/9/../../../../aarch64-linux-gnu/lib/../lib/Scrt1.o /usr/lib/gcc-cross/aarch64-linux-gnu/9/../../../../aarch64-linux-gnu/lib/../lib/crti.o /usr/lib/gcc-cross/aarch64-linux-gnu/9/crtbeginS.o -L/usr/lib/gcc-cross/aarch64-linux-gnu/9 -L/usr/lib/gcc-cross/aarch64-linux-gnu/9/../../../../aarch64-linux-gnu/lib/../lib -L/lib/aarch64-linux-gnu -L/lib/../lib -L/usr/lib/aarch64-linux-gnu -L/usr/lib/../lib -L/usr/lib/gcc-cross/aarch64-linux-gnu/9/../../../../aarch64-linux-gnu/lib CMakeFiles/cmTC_f7468.dir/CMakeCCompilerABI.c.o -lgcc --push-state --as-needed -lgcc_s --pop-state -lc -lgcc --push-state --as-needed -lgcc_s --pop-state /usr/lib/gcc-cross/aarch64-linux-gnu/9/crtendS.o /usr/lib/gcc-cross/aarch64-linux-gnu/9/../../../../aarch64-linux-gnu/lib/../lib/crtn.o]
    arg [/usr/lib/gcc-cross/aarch64-linux-gnu/9/collect2] ==> ignore
    arg [-plugin] ==> ignore
    arg [/usr/lib/gcc-cross/aarch64-linux-gnu/9/liblto_plugin.so] ==> ignore
    arg [-plugin-opt=/usr/lib/gcc-cross/aarch64-linux-gnu/9/lto-wrapper] ==> ignore
    arg [-plugin-opt=-fresolution=/tmp/cckBaCq1.res] ==> ignore
    arg [-plugin-opt=-pass-through=-lgcc] ==> ignore
    arg [-plugin-opt=-pass-through=-lgcc_s] ==> ignore
    arg [-plugin-opt=-pass-through=-lc] ==> ignore
    arg [-plugin-opt=-pass-through=-lgcc] ==> ignore
    arg [-plugin-opt=-pass-through=-lgcc_s] ==> ignore
    arg [--sysroot=/] ==> ignore
    arg [--build-id] ==> ignore
    arg [--eh-frame-hdr] ==> ignore
    arg [--hash-style=gnu] ==> ignore
    arg [--as-needed] ==> ignore
    arg [-export-dynamic] ==> ignore
    arg [-dynamic-linker] ==> ignore
    arg [/lib/ld-linux-aarch64.so.1] ==> ignore
    arg [-X] ==> ignore
    arg [-EL] ==> ignore
    arg [-maarch64linux] ==> ignore
    arg [--fix-cortex-a53-843419] ==> ignore
    arg [-pie] ==> ignore
    arg [-znow] ==> ignore
    arg [-zrelro] ==> ignore
    arg [-o] ==> ignore
    arg [cmTC_f7468] ==> ignore
    arg [/usr/lib/gcc-cross/aarch64-linux-gnu/9/../../../../aarch64-linux-gnu/lib/../lib/Scrt1.o] ==> ignore
    arg [/usr/lib/gcc-cross/aarch64-linux-gnu/9/../../../../aarch64-linux-gnu/lib/../lib/crti.o] ==> ignore
    arg [/usr/lib/gcc-cross/aarch64-linux-gnu/9/crtbeginS.o] ==> ignore
    arg [-L/usr/lib/gcc-cross/aarch64-linux-gnu/9] ==> dir [/usr/lib/gcc-cross/aarch64-linux-gnu/9]
    arg [-L/usr/lib/gcc-cross/aarch64-linux-gnu/9/../../../../aarch64-linux-gnu/lib/../lib] ==> dir [/usr/lib/gcc-cross/aarch64-linux-gnu/9/../../../../aarch64-linux-gnu/lib/../lib]
    arg [-L/lib/aarch64-linux-gnu] ==> dir [/lib/aarch64-linux-gnu]
    arg [-L/lib/../lib] ==> dir [/lib/../lib]
    arg [-L/usr/lib/aarch64-linux-gnu] ==> dir [/usr/lib/aarch64-linux-gnu]
    arg [-L/usr/lib/../lib] ==> dir [/usr/lib/../lib]
    arg [-L/usr/lib/gcc-cross/aarch64-linux-gnu/9/../../../../aarch64-linux-gnu/lib] ==> dir [/usr/lib/gcc-cross/aarch64-linux-gnu/9/../../../../aarch64-linux-gnu/lib]
    arg [CMakeFiles/cmTC_f7468.dir/CMakeCCompilerABI.c.o] ==> ignore
    arg [-lgcc] ==> lib [gcc]
    arg [--push-state] ==> ignore
    arg [--as-needed] ==> ignore
    arg [-lgcc_s] ==> lib [gcc_s]
    arg [--pop-state] ==> ignore
    arg [-lc] ==> lib [c]
    arg [-lgcc] ==> lib [gcc]
    arg [--push-state] ==> ignore
    arg [--as-needed] ==> ignore
    arg [-lgcc_s] ==> lib [gcc_s]
    arg [--pop-state] ==> ignore
    arg [/usr/lib/gcc-cross/aarch64-linux-gnu/9/crtendS.o] ==> ignore
    arg [/usr/lib/gcc-cross/aarch64-linux-gnu/9/../../../../aarch64-linux-gnu/lib/../lib/crtn.o] ==> ignore
  collapse library dir [/usr/lib/gcc-cross/aarch64-linux-gnu/9] ==> [/usr/lib/gcc-cross/aarch64-linux-gnu/9]
  collapse library dir [/usr/lib/gcc-cross/aarch64-linux-gnu/9/../../../../aarch64-linux-gnu/lib/../lib] ==> [/usr/aarch64-linux-gnu/lib]
  collapse library dir [/lib/aarch64-linux-gnu] ==> [/lib/aarch64-linux-gnu]
  collapse library dir [/lib/../lib] ==> [/lib]
  collapse library dir [/usr/lib/aarch64-linux-gnu] ==> [/usr/lib/aarch64-linux-gnu]
  collapse library dir [/usr/lib/../lib] ==> [/usr/lib]
  collapse library dir [/usr/lib/gcc-cross/aarch64-linux-gnu/9/../../../../aarch64-linux-gnu/lib] ==> [/usr/aarch64-linux-gnu/lib]
  implicit libs: [gcc;gcc_s;c;gcc;gcc_s]
  implicit dirs: [/usr/lib/gcc-cross/aarch64-linux-gnu/9;/usr/aarch64-linux-gnu/lib;/lib/aarch64-linux-gnu;/lib;/usr/lib/aarch64-linux-gnu;/usr/lib]
  implicit fwks: []


Determining if the include file pthread.h exists passed with the following output:
Change Dir: /home/zw/嵌入式设计竞赛资料/项目代码及量化模型/demo/opencv_build_aarch64/CMakeFiles/CMakeTmp

Run Build Command(s):/usr/bin/make cmTC_80b2d/fast && /usr/bin/make -f CMakeFiles/cmTC_80b2d.dir/build.make CMakeFiles/cmTC_80b2d.dir/build
make[1]: 进入目录“/home/zw/嵌入式设计竞赛资料/项目代码及量化模型/demo/opencv_build_aarch64/CMakeFiles/CMakeTmp”
Building C object CMakeFiles/cmTC_80b2d.dir/CheckIncludeFile.c.o
/usr/bin/aarch64-linux-gnu-gcc   -fsigned-char -W -Wall -Werror=return-type -Werror=non-virtual-dtor -Werror=address -Werror=sequence-point -Wformat -Werror=format-security -Wmissing-declarations -Wmissing-prototypes -Wstrict-prototypes -Wundef -Winit-self -Wpointer-arith -Wshadow -Wuninitialized -Winit-self -Wno-narrowing -Wno-comment -Wimplicit-fallthrough=3 -Wno-strict-overflow -fdiagnostics-show-option -pthread -fomit-frame-pointer -ffunction-sections -fdata-sections    -fvisibility=hidden  -O3 -DNDEBUG -fPIE   -o CMakeFiles/cmTC_80b2d.dir/CheckIncludeFile.c.o   -c /home/zw/嵌入式设计竞赛资料/项目代码及量化模型/demo/opencv_build_aarch64/CMakeFiles/CMakeTmp/CheckIncludeFile.c
cc1: warning: ‘-Werror=’ argument ‘-Werror=non-virtual-dtor’ is not valid for C
Linking C executable cmTC_80b2d
/usr/bin/cmake -E cmake_link_script CMakeFiles/cmTC_80b2d.dir/link.txt --verbose=1
/usr/bin/aarch64-linux-gnu-gcc    -fsigned-char -W -Wall -Werror=return-type -Werror=non-virtual-dtor -Werror=address -Werror=sequence-point -Wformat -Werror=format-security -Wmissing-declarations -Wmissing-prototypes -Wstrict-prototypes -Wundef -Winit-self -Wpointer-arith -Wshadow -Wuninitialized -Winit-self -Wno-narrowing -Wno-comment -Wimplicit-fallthrough=3 -Wno-strict-overflow -fdiagnostics-show-option -pthread -fomit-frame-pointer -ffunction-sections -fdata-sections    -fvisibility=hidden  -O3 -DNDEBUG    -Wl,--gc-sections  -rdynamic CMakeFiles/cmTC_80b2d.dir/CheckIncludeFile.c.o  -o cmTC_80b2d 
make[1]: 离开目录“/home/zw/嵌入式设计竞赛资料/项目代码及量化模型/demo/opencv_build_aarch64/CMakeFiles/CMakeTmp”



Determining if the posix_memalign exist passed with the following output:
Change Dir: /home/zw/嵌入式设计竞赛资料/项目代码及量化模型/demo/opencv_build_aarch64/CMakeFiles/CMakeTmp

Run Build Command(s):/usr/bin/make cmTC_f6d60/fast && /usr/bin/make -f CMakeFiles/cmTC_f6d60.dir/build.make CMakeFiles/cmTC_f6d60.dir/build
make[1]: 进入目录“/home/zw/嵌入式设计竞赛资料/项目代码及量化模型/demo/opencv_build_aarch64/CMakeFiles/CMakeTmp”
Building C object CMakeFiles/cmTC_f6d60.dir/CheckSymbolExists.c.o
/usr/bin/aarch64-linux-gnu-gcc   -fsigned-char -W -Wall -Werror=return-type -Werror=non-virtual-dtor -Werror=address -Werror=sequence-point -Wformat -Werror=format-security -Wmissing-declarations -Wmissing-prototypes -Wstrict-prototypes -Wundef -Winit-self -Wpointer-arith -Wshadow -Wuninitialized -Winit-self -Wno-narrowing -Wno-comment -Wimplicit-fallthrough=3 -Wno-strict-overflow -fdiagnostics-show-option -pthread -fomit-frame-pointer -ffunction-sections -fdata-sections    -fvisibility=hidden  -O3 -DNDEBUG -fPIE   -o CMakeFiles/cmTC_f6d60.dir/CheckSymbolExists.c.o   -c /home/zw/嵌入式设计竞赛资料/项目代码及量化模型/demo/opencv_build_aarch64/CMakeFiles/CMakeTmp/CheckSymbolExists.c
cc1: warning: ‘-Werror=’ argument ‘-Werror=non-virtual-dtor’ is not valid for C
Linking C executable cmTC_f6d60
/usr/bin/cmake -E cmake_link_script CMakeFiles/cmTC_f6d60.dir/link.txt --verbose=1
/usr/bin/aarch64-linux-gnu-gcc    -fsigned-char -W -Wall -Werror=return-type -Werror=non-virtual-dtor -Werror=address -Werror=sequence-point -Wformat -Werror=format-security -Wmissing-declarations -Wmissing-prototypes -Wstrict-prototypes -Wundef -Winit-self -Wpointer-arith -Wshadow -Wuninitialized -Winit-self -Wno-narrowing -Wno-comment -Wimplicit-fallthrough=3 -Wno-strict-overflow -fdiagnostics-show-option -pthread -fomit-frame-pointer -ffunction-sections -fdata-sections    -fvisibility=hidden  -O3 -DNDEBUG    -Wl,--gc-sections  -rdynamic CMakeFiles/cmTC_f6d60.dir/CheckSymbolExists.c.o  -o cmTC_f6d60 
make[1]: 离开目录“/home/zw/嵌入式设计竞赛资料/项目代码及量化模型/demo/opencv_build_aarch64/CMakeFiles/CMakeTmp”


File /home/zw/嵌入式设计竞赛资料/项目代码及量化模型/demo/opencv_build_aarch64/CMakeFiles/CMakeTmp/CheckSymbolExists.c:
/* */
#include <stdlib.h>

int main(int argc, char** argv)
{
  (void)argv;
#ifndef posix_memalign
  return ((int*)(&posix_memalign))[argc];
#else
  (void)argc;
  return 0;
#endif
}
Determining if the include file malloc.h exists passed with the following output:
Change Dir: /home/zw/嵌入式设计竞赛资料/项目代码及量化模型/demo/opencv_build_aarch64/CMakeFiles/CMakeTmp

Run Build Command(s):/usr/bin/make cmTC_5ec17/fast && /usr/bin/make -f CMakeFiles/cmTC_5ec17.dir/build.make CMakeFiles/cmTC_5ec17.dir/build
make[1]: 进入目录“/home/zw/嵌入式设计竞赛资料/项目代码及量化模型/demo/opencv_build_aarch64/CMakeFiles/CMakeTmp”
Building C object CMakeFiles/cmTC_5ec17.dir/CheckIncludeFile.c.o
/usr/bin/aarch64-linux-gnu-gcc   -fsigned-char -W -Wall -Werror=return-type -Werror=non-virtual-dtor -Werror=address -Werror=sequence-point -Wformat -Werror=format-security -Wmissing-declarations -Wmissing-prototypes -Wstrict-prototypes -Wundef -Winit-self -Wpointer-arith -Wshadow -Wuninitialized -Winit-self -Wno-narrowing -Wno-comment -Wimplicit-fallthrough=3 -Wno-strict-overflow -fdiagnostics-show-option -pthread -fomit-frame-pointer -ffunction-sections -fdata-sections    -fvisibility=hidden  -O3 -DNDEBUG -fPIE   -o CMakeFiles/cmTC_5ec17.dir/CheckIncludeFile.c.o   -c /home/zw/嵌入式设计竞赛资料/项目代码及量化模型/demo/opencv_build_aarch64/CMakeFiles/CMakeTmp/CheckIncludeFile.c
cc1: warning: ‘-Werror=’ argument ‘-Werror=non-virtual-dtor’ is not valid for C
Linking C executable cmTC_5ec17
/usr/bin/cmake -E cmake_link_script CMakeFiles/cmTC_5ec17.dir/link.txt --verbose=1
/usr/bin/aarch64-linux-gnu-gcc    -fsigned-char -W -Wall -Werror=return-type -Werror=non-virtual-dtor -Werror=address -Werror=sequence-point -Wformat -Werror=format-security -Wmissing-declarations -Wmissing-prototypes -Wstrict-prototypes -Wundef -Winit-self -Wpointer-arith -Wshadow -Wuninitialized -Winit-self -Wno-narrowing -Wno-comment -Wimplicit-fallthrough=3 -Wno-strict-overflow -fdiagnostics-show-option -pthread -fomit-frame-pointer -ffunction-sections -fdata-sections    -fvisibility=hidden  -O3 -DNDEBUG    -Wl,--gc-sections  -rdynamic CMakeFiles/cmTC_5ec17.dir/CheckIncludeFile.c.o  -o cmTC_5ec17 
make[1]: 离开目录“/home/zw/嵌入式设计竞赛资料/项目代码及量化模型/demo/opencv_build_aarch64/CMakeFiles/CMakeTmp”



Determining if the memalign exist passed with the following output:
Change Dir: /home/zw/嵌入式设计竞赛资料/项目代码及量化模型/demo/opencv_build_aarch64/CMakeFiles/CMakeTmp

Run Build Command(s):/usr/bin/make cmTC_1f492/fast && /usr/bin/make -f CMakeFiles/cmTC_1f492.dir/build.make CMakeFiles/cmTC_1f492.dir/build
make[1]: 进入目录“/home/zw/嵌入式设计竞赛资料/项目代码及量化模型/demo/opencv_build_aarch64/CMakeFiles/CMakeTmp”
Building C object CMakeFiles/cmTC_1f492.dir/CheckSymbolExists.c.o
/usr/bin/aarch64-linux-gnu-gcc   -fsigned-char -W -Wall -Werror=return-type -Werror=non-virtual-dtor -Werror=address -Werror=sequence-point -Wformat -Werror=format-security -Wmissing-declarations -Wmissing-prototypes -Wstrict-prototypes -Wundef -Winit-self -Wpointer-arith -Wshadow -Wuninitialized -Winit-self -Wno-narrowing -Wno-comment -Wimplicit-fallthrough=3 -Wno-strict-overflow -fdiagnostics-show-option -pthread -fomit-frame-pointer -ffunction-sections -fdata-sections    -fvisibility=hidden  -O3 -DNDEBUG -fPIE   -o CMakeFiles/cmTC_1f492.dir/CheckSymbolExists.c.o   -c /home/zw/嵌入式设计竞赛资料/项目代码及量化模型/demo/opencv_build_aarch64/CMakeFiles/CMakeTmp/CheckSymbolExists.c
cc1: warning: ‘-Werror=’ argument ‘-Werror=non-virtual-dtor’ is not valid for C
Linking C executable cmTC_1f492
/usr/bin/cmake -E cmake_link_script CMakeFiles/cmTC_1f492.dir/link.txt --verbose=1
/usr/bin/aarch64-linux-gnu-gcc    -fsigned-char -W -Wall -Werror=return-type -Werror=non-virtual-dtor -Werror=address -Werror=sequence-point -Wformat -Werror=format-security -Wmissing-declarations -Wmissing-prototypes -Wstrict-prototypes -Wundef -Winit-self -Wpointer-arith -Wshadow -Wuninitialized -Winit-self -Wno-narrowing -Wno-comment -Wimplicit-fallthrough=3 -Wno-strict-overflow -fdiagnostics-show-option -pthread -fomit-frame-pointer -ffunction-sections -fdata-sections    -fvisibility=hidden  -O3 -DNDEBUG    -Wl,--gc-sections  -rdynamic CMakeFiles/cmTC_1f492.dir/CheckSymbolExists.c.o  -o cmTC_1f492 
make[1]: 离开目录“/home/zw/嵌入式设计竞赛资料/项目代码及量化模型/demo/opencv_build_aarch64/CMakeFiles/CMakeTmp”


File /home/zw/嵌入式设计竞赛资料/项目代码及量化模型/demo/opencv_build_aarch64/CMakeFiles/CMakeTmp/CheckSymbolExists.c:
/* */
#include <malloc.h>

int main(int argc, char** argv)
{
  (void)argv;
#ifndef memalign
  return ((int*)(&memalign))[argc];
#else
  (void)argc;
  return 0;
#endif
}
Determining if the include file sys/types.h exists passed with the following output:
Change Dir: /home/zw/嵌入式设计竞赛资料/项目代码及量化模型/demo/opencv_build_aarch64/CMakeFiles/CMakeTmp

Run Build Command(s):/usr/bin/make cmTC_182d0/fast && /usr/bin/make -f CMakeFiles/cmTC_182d0.dir/build.make CMakeFiles/cmTC_182d0.dir/build
make[1]: 进入目录“/home/zw/嵌入式设计竞赛资料/项目代码及量化模型/demo/opencv_build_aarch64/CMakeFiles/CMakeTmp”
Building C object CMakeFiles/cmTC_182d0.dir/CheckIncludeFile.c.o
/usr/bin/aarch64-linux-gnu-gcc   -fsigned-char -W -Wall -Werror=return-type -Werror=non-virtual-dtor -Werror=address -Werror=sequence-point -Wformat -Werror=format-security -Wmissing-declarations -Wmissing-prototypes -Wstrict-prototypes -Wundef -Winit-self -Wpointer-arith -Wshadow -Wuninitialized -Winit-self -Wno-narrowing -Wno-comment -Wimplicit-fallthrough=3 -Wno-strict-overflow -fdiagnostics-show-option -pthread -fomit-frame-pointer -ffunction-sections -fdata-sections    -fvisibility=hidden  -O3 -DNDEBUG -fPIE   -o CMakeFiles/cmTC_182d0.dir/CheckIncludeFile.c.o   -c /home/zw/嵌入式设计竞赛资料/项目代码及量化模型/demo/opencv_build_aarch64/CMakeFiles/CMakeTmp/CheckIncludeFile.c
cc1: warning: ‘-Werror=’ argument ‘-Werror=non-virtual-dtor’ is not valid for C
Linking C executable cmTC_182d0
/usr/bin/cmake -E cmake_link_script CMakeFiles/cmTC_182d0.dir/link.txt --verbose=1
/usr/bin/aarch64-linux-gnu-gcc    -fsigned-char -W -Wall -Werror=return-type -Werror=non-virtual-dtor -Werror=address -Werror=sequence-point -Wformat -Werror=format-security -Wmissing-declarations -Wmissing-prototypes -Wstrict-prototypes -Wundef -Winit-self -Wpointer-arith -Wshadow -Wuninitialized -Winit-self -Wno-narrowing -Wno-comment -Wimplicit-fallthrough=3 -Wno-strict-overflow -fdiagnostics-show-option -pthread -fomit-frame-pointer -ffunction-sections -fdata-sections    -fvisibility=hidden  -O3 -DNDEBUG    -Wl,--gc-sections  -rdynamic CMakeFiles/cmTC_182d0.dir/CheckIncludeFile.c.o  -o cmTC_182d0 
make[1]: 离开目录“/home/zw/嵌入式设计竞赛资料/项目代码及量化模型/demo/opencv_build_aarch64/CMakeFiles/CMakeTmp”



Determining if the include file stdint.h exists passed with the following output:
Change Dir: /home/zw/嵌入式设计竞赛资料/项目代码及量化模型/demo/opencv_build_aarch64/CMakeFiles/CMakeTmp

Run Build Command(s):/usr/bin/make cmTC_34748/fast && /usr/bin/make -f CMakeFiles/cmTC_34748.dir/build.make CMakeFiles/cmTC_34748.dir/build
make[1]: 进入目录“/home/zw/嵌入式设计竞赛资料/项目代码及量化模型/demo/opencv_build_aarch64/CMakeFiles/CMakeTmp”
Building C object CMakeFiles/cmTC_34748.dir/CheckIncludeFile.c.o
/usr/bin/aarch64-linux-gnu-gcc   -fsigned-char -W -Wall -Werror=return-type -Werror=non-virtual-dtor -Werror=address -Werror=sequence-point -Wformat -Werror=format-security -Wmissing-declarations -Wmissing-prototypes -Wstrict-prototypes -Wundef -Winit-self -Wpointer-arith -Wshadow -Wuninitialized -Winit-self -Wno-narrowing -Wno-comment -Wimplicit-fallthrough=3 -Wno-strict-overflow -fdiagnostics-show-option -pthread -fomit-frame-pointer -ffunction-sections -fdata-sections    -fvisibility=hidden  -O3 -DNDEBUG -fPIE   -o CMakeFiles/cmTC_34748.dir/CheckIncludeFile.c.o   -c /home/zw/嵌入式设计竞赛资料/项目代码及量化模型/demo/opencv_build_aarch64/CMakeFiles/CMakeTmp/CheckIncludeFile.c
cc1: warning: ‘-Werror=’ argument ‘-Werror=non-virtual-dtor’ is not valid for C
Linking C executable cmTC_34748
/usr/bin/cmake -E cmake_link_script CMakeFiles/cmTC_34748.dir/link.txt --verbose=1
/usr/bin/aarch64-linux-gnu-gcc    -fsigned-char -W -Wall -Werror=return-type -Werror=non-virtual-dtor -Werror=address -Werror=sequence-point -Wformat -Werror=format-security -Wmissing-declarations -Wmissing-prototypes -Wstrict-prototypes -Wundef -Winit-self -Wpointer-arith -Wshadow -Wuninitialized -Winit-self -Wno-narrowing -Wno-comment -Wimplicit-fallthrough=3 -Wno-strict-overflow -fdiagnostics-show-option -pthread -fomit-frame-pointer -ffunction-sections -fdata-sections    -fvisibility=hidden  -O3 -DNDEBUG    -Wl,--gc-sections  -rdynamic CMakeFiles/cmTC_34748.dir/CheckIncludeFile.c.o  -o cmTC_34748 
make[1]: 离开目录“/home/zw/嵌入式设计竞赛资料/项目代码及量化模型/demo/opencv_build_aarch64/CMakeFiles/CMakeTmp”



Determining if the include file stddef.h exists passed with the following output:
Change Dir: /home/zw/嵌入式设计竞赛资料/项目代码及量化模型/demo/opencv_build_aarch64/CMakeFiles/CMakeTmp

Run Build Command(s):/usr/bin/make cmTC_57260/fast && /usr/bin/make -f CMakeFiles/cmTC_57260.dir/build.make CMakeFiles/cmTC_57260.dir/build
make[1]: 进入目录“/home/zw/嵌入式设计竞赛资料/项目代码及量化模型/demo/opencv_build_aarch64/CMakeFiles/CMakeTmp”
Building C object CMakeFiles/cmTC_57260.dir/CheckIncludeFile.c.o
/usr/bin/aarch64-linux-gnu-gcc   -fsigned-char -W -Wall -Werror=return-type -Werror=non-virtual-dtor -Werror=address -Werror=sequence-point -Wformat -Werror=format-security -Wmissing-declarations -Wmissing-prototypes -Wstrict-prototypes -Wundef -Winit-self -Wpointer-arith -Wshadow -Wuninitialized -Winit-self -Wno-narrowing -Wno-comment -Wimplicit-fallthrough=3 -Wno-strict-overflow -fdiagnostics-show-option -pthread -fomit-frame-pointer -ffunction-sections -fdata-sections    -fvisibility=hidden  -O3 -DNDEBUG -fPIE   -o CMakeFiles/cmTC_57260.dir/CheckIncludeFile.c.o   -c /home/zw/嵌入式设计竞赛资料/项目代码及量化模型/demo/opencv_build_aarch64/CMakeFiles/CMakeTmp/CheckIncludeFile.c
cc1: warning: ‘-Werror=’ argument ‘-Werror=non-virtual-dtor’ is not valid for C
Linking C executable cmTC_57260
/usr/bin/cmake -E cmake_link_script CMakeFiles/cmTC_57260.dir/link.txt --verbose=1
/usr/bin/aarch64-linux-gnu-gcc    -fsigned-char -W -Wall -Werror=return-type -Werror=non-virtual-dtor -Werror=address -Werror=sequence-point -Wformat -Werror=format-security -Wmissing-declarations -Wmissing-prototypes -Wstrict-prototypes -Wundef -Winit-self -Wpointer-arith -Wshadow -Wuninitialized -Winit-self -Wno-narrowing -Wno-comment -Wimplicit-fallthrough=3 -Wno-strict-overflow -fdiagnostics-show-option -pthread -fomit-frame-pointer -ffunction-sections -fdata-sections    -fvisibility=hidden  -O3 -DNDEBUG    -Wl,--gc-sections  -rdynamic CMakeFiles/cmTC_57260.dir/CheckIncludeFile.c.o  -o cmTC_57260 
make[1]: 离开目录“/home/zw/嵌入式设计竞赛资料/项目代码及量化模型/demo/opencv_build_aarch64/CMakeFiles/CMakeTmp”



Determining size of unsigned short passed with the following output:
Change Dir: /home/zw/嵌入式设计竞赛资料/项目代码及量化模型/demo/opencv_build_aarch64/CMakeFiles/CMakeTmp

Run Build Command(s):/usr/bin/make cmTC_42e32/fast && /usr/bin/make -f CMakeFiles/cmTC_42e32.dir/build.make CMakeFiles/cmTC_42e32.dir/build
make[1]: 进入目录“/home/zw/嵌入式设计竞赛资料/项目代码及量化模型/demo/opencv_build_aarch64/CMakeFiles/CMakeTmp”
Building C object CMakeFiles/cmTC_42e32.dir/CMAKE_SIZEOF_UNSIGNED_SHORT.c.o
/usr/bin/aarch64-linux-gnu-gcc   -fsigned-char -W -Wall -Werror=return-type -Werror=non-virtual-dtor -Werror=address -Werror=sequence-point -Wformat -Werror=format-security -Wmissing-declarations -Wmissing-prototypes -Wstrict-prototypes -Wundef -Winit-self -Wpointer-arith -Wshadow -Wuninitialized -Winit-self -Wno-narrowing -Wno-comment -Wimplicit-fallthrough=3 -Wno-strict-overflow -fdiagnostics-show-option -pthread -fomit-frame-pointer -ffunction-sections -fdata-sections    -fvisibility=hidden  -O3 -DNDEBUG -fPIE   -o CMakeFiles/cmTC_42e32.dir/CMAKE_SIZEOF_UNSIGNED_SHORT.c.o   -c /home/zw/嵌入式设计竞赛资料/项目代码及量化模型/demo/opencv_build_aarch64/CMakeFiles/CheckTypeSize/CMAKE_SIZEOF_UNSIGNED_SHORT.c
cc1: warning: ‘-Werror=’ argument ‘-Werror=non-virtual-dtor’ is not valid for C
Linking C executable cmTC_42e32
/usr/bin/cmake -E cmake_link_script CMakeFiles/cmTC_42e32.dir/link.txt --verbose=1
/usr/bin/aarch64-linux-gnu-gcc    -fsigned-char -W -Wall -Werror=return-type -Werror=non-virtual-dtor -Werror=address -Werror=sequence-point -Wformat -Werror=format-security -Wmissing-declarations -Wmissing-prototypes -Wstrict-prototypes -Wundef -Winit-self -Wpointer-arith -Wshadow -Wuninitialized -Winit-self -Wno-narrowing -Wno-comment -Wimplicit-fallthrough=3 -Wno-strict-overflow -fdiagnostics-show-option -pthread -fomit-frame-pointer -ffunction-sections -fdata-sections    -fvisibility=hidden  -O3 -DNDEBUG    -Wl,--gc-sections  -rdynamic CMakeFiles/cmTC_42e32.dir/CMAKE_SIZEOF_UNSIGNED_SHORT.c.o  -o cmTC_42e32 
make[1]: 离开目录“/home/zw/嵌入式设计竞赛资料/项目代码及量化模型/demo/opencv_build_aarch64/CMakeFiles/CMakeTmp”



Determining if the system is big endian passed with the following output:
Change Dir: /home/zw/嵌入式设计竞赛资料/项目代码及量化模型/demo/opencv_build_aarch64/CMakeFiles/CMakeTmp

Run Build Command(s):/usr/bin/make cmTC_111f4/fast && /usr/bin/make -f CMakeFiles/cmTC_111f4.dir/build.make CMakeFiles/cmTC_111f4.dir/build
make[1]: 进入目录“/home/zw/嵌入式设计竞赛资料/项目代码及量化模型/demo/opencv_build_aarch64/CMakeFiles/CMakeTmp”
Building C object CMakeFiles/cmTC_111f4.dir/TestEndianess.c.o
/usr/bin/aarch64-linux-gnu-gcc   -fsigned-char -W -Wall -Werror=return-type -Werror=non-virtual-dtor -Werror=address -Werror=sequence-point -Wformat -Werror=format-security -Wmissing-declarations -Wmissing-prototypes -Wstrict-prototypes -Wundef -Winit-self -Wpointer-arith -Wshadow -Wuninitialized -Winit-self -Wno-narrowing -Wno-comment -Wimplicit-fallthrough=3 -Wno-strict-overflow -fdiagnostics-show-option -pthread -fomit-frame-pointer -ffunction-sections -fdata-sections    -fvisibility=hidden  -O3 -DNDEBUG -fPIE   -o CMakeFiles/cmTC_111f4.dir/TestEndianess.c.o   -c /home/zw/嵌入式设计竞赛资料/项目代码及量化模型/demo/opencv_build_aarch64/CMakeFiles/CMakeTmp/TestEndianess.c
cc1: warning: ‘-Werror=’ argument ‘-Werror=non-virtual-dtor’ is not valid for C
Linking C executable cmTC_111f4
/usr/bin/cmake -E cmake_link_script CMakeFiles/cmTC_111f4.dir/link.txt --verbose=1
/usr/bin/aarch64-linux-gnu-gcc    -fsigned-char -W -Wall -Werror=return-type -Werror=non-virtual-dtor -Werror=address -Werror=sequence-point -Wformat -Werror=format-security -Wmissing-declarations -Wmissing-prototypes -Wstrict-prototypes -Wundef -Winit-self -Wpointer-arith -Wshadow -Wuninitialized -Winit-self -Wno-narrowing -Wno-comment -Wimplicit-fallthrough=3 -Wno-strict-overflow -fdiagnostics-show-option -pthread -fomit-frame-pointer -ffunction-sections -fdata-sections    -fvisibility=hidden  -O3 -DNDEBUG    -Wl,--gc-sections  -rdynamic CMakeFiles/cmTC_111f4.dir/TestEndianess.c.o  -o cmTC_111f4 
make[1]: 离开目录“/home/zw/嵌入式设计竞赛资料/项目代码及量化模型/demo/opencv_build_aarch64/CMakeFiles/CMakeTmp”


TestEndianess.c:
/* A 16 bit integer is required. */
typedef unsigned short cmakeint16;

/* On a little endian machine, these 16bit ints will give "THIS IS LITTLE ENDIAN."
   On a big endian machine the characters will be exchanged pairwise. */
const cmakeint16 info_little[] =  {0x4854, 0x5349, 0x4920, 0x2053, 0x494c, 0x5454, 0x454c, 0x4520, 0x444e, 0x4149, 0x2e4e, 0x0000};

/* on a big endian machine, these 16bit ints will give "THIS IS BIG ENDIAN."
   On a little endian machine the characters will be exchanged pairwise. */
const cmakeint16 info_big[] =     {0x5448, 0x4953, 0x2049, 0x5320, 0x4249, 0x4720, 0x454e, 0x4449, 0x414e, 0x2e2e, 0x0000};

#ifdef __CLASSIC_C__
int main(argc, argv) int argc; char *argv[];
#else
int main(int argc, char *argv[])
#endif
{
  int require = 0;
  require += info_little[argc];
  require += info_big[argc];
  (void)argv;
  return require;
}


Determining size of size_t passed with the following output:
Change Dir: /home/zw/嵌入式设计竞赛资料/项目代码及量化模型/demo/opencv_build_aarch64/CMakeFiles/CMakeTmp

Run Build Command(s):/usr/bin/make cmTC_96549/fast && /usr/bin/make -f CMakeFiles/cmTC_96549.dir/build.make CMakeFiles/cmTC_96549.dir/build
make[1]: 进入目录“/home/zw/嵌入式设计竞赛资料/项目代码及量化模型/demo/opencv_build_aarch64/CMakeFiles/CMakeTmp”
Building C object CMakeFiles/cmTC_96549.dir/SIZEOF_SIZE_T.c.o
/usr/bin/aarch64-linux-gnu-gcc   -fsigned-char -W -Wall -Werror=return-type -Werror=non-virtual-dtor -Werror=address -Werror=sequence-point -Wformat -Werror=format-security -Wmissing-declarations -Wmissing-prototypes -Wstrict-prototypes -Wundef -Winit-self -Wpointer-arith -Wshadow -Wuninitialized -Winit-self -Wno-narrowing -Wno-comment -Wno-strict-overflow -fdiagnostics-show-option -pthread -fomit-frame-pointer -ffunction-sections -fdata-sections    -fvisibility=hidden -Wno-unused-parameter -Wno-sign-compare -Wno-implicit-fallthrough  -O3 -DNDEBUG -fPIE   -o CMakeFiles/cmTC_96549.dir/SIZEOF_SIZE_T.c.o   -c /home/zw/嵌入式设计竞赛资料/项目代码及量化模型/demo/opencv_build_aarch64/CMakeFiles/CheckTypeSize/SIZEOF_SIZE_T.c
cc1: warning: ‘-Werror=’ argument ‘-Werror=non-virtual-dtor’ is not valid for C
Linking C executable cmTC_96549
/usr/bin/cmake -E cmake_link_script CMakeFiles/cmTC_96549.dir/link.txt --verbose=1
/usr/bin/aarch64-linux-gnu-gcc    -fsigned-char -W -Wall -Werror=return-type -Werror=non-virtual-dtor -Werror=address -Werror=sequence-point -Wformat -Werror=format-security -Wmissing-declarations -Wmissing-prototypes -Wstrict-prototypes -Wundef -Winit-self -Wpointer-arith -Wshadow -Wuninitialized -Winit-self -Wno-narrowing -Wno-comment -Wno-strict-overflow -fdiagnostics-show-option -pthread -fomit-frame-pointer -ffunction-sections -fdata-sections    -fvisibility=hidden -Wno-unused-parameter -Wno-sign-compare -Wno-implicit-fallthrough  -O3 -DNDEBUG    -Wl,--gc-sections  -rdynamic CMakeFiles/cmTC_96549.dir/SIZEOF_SIZE_T.c.o  -o cmTC_96549 
make[1]: 离开目录“/home/zw/嵌入式设计竞赛资料/项目代码及量化模型/demo/opencv_build_aarch64/CMakeFiles/CMakeTmp”



Checking whether the ASM compiler is GNU using "--version" matched "(GNU assembler)|(GCC)|(Free Software Foundation)":
aarch64-linux-gnu-gcc (Ubuntu 9.4.0-1ubuntu1~20.04.2) 9.4.0
Copyright (C) 2019 Free Software Foundation, Inc.
This is free software; see the source for copying conditions.  There is NO
warranty; not even for MERCHANTABILITY or FITNESS FOR A PARTICULAR PURPOSE.

Determining if the include file linux/videodev2.h exists passed with the following output:
Change Dir: /home/zw/嵌入式设计竞赛资料/项目代码及量化模型/demo/opencv_build_aarch64/CMakeFiles/CMakeTmp

Run Build Command(s):/usr/bin/make cmTC_a7bcc/fast && /usr/bin/make -f CMakeFiles/cmTC_a7bcc.dir/build.make CMakeFiles/cmTC_a7bcc.dir/build
make[1]: 进入目录“/home/zw/嵌入式设计竞赛资料/项目代码及量化模型/demo/opencv_build_aarch64/CMakeFiles/CMakeTmp”
Building C object CMakeFiles/cmTC_a7bcc.dir/CheckIncludeFile.c.o
/usr/bin/aarch64-linux-gnu-gcc   -fsigned-char -W -Wall -Werror=return-type -Werror=non-virtual-dtor -Werror=address -Werror=sequence-point -Wformat -Werror=format-security -Wmissing-declarations -Wmissing-prototypes -Wstrict-prototypes -Wundef -Winit-self -Wpointer-arith -Wshadow -Wuninitialized -Winit-self -Wno-narrowing -Wno-comment -Wimplicit-fallthrough=3 -Wno-strict-overflow -fdiagnostics-show-option -pthread -fomit-frame-pointer -ffunction-sections -fdata-sections    -fvisibility=hidden  -O3 -DNDEBUG -fPIE   -o CMakeFiles/cmTC_a7bcc.dir/CheckIncludeFile.c.o   -c /home/zw/嵌入式设计竞赛资料/项目代码及量化模型/demo/opencv_build_aarch64/CMakeFiles/CMakeTmp/CheckIncludeFile.c
cc1: warning: ‘-Werror=’ argument ‘-Werror=non-virtual-dtor’ is not valid for C
Linking C executable cmTC_a7bcc
/usr/bin/cmake -E cmake_link_script CMakeFiles/cmTC_a7bcc.dir/link.txt --verbose=1
/usr/bin/aarch64-linux-gnu-gcc    -fsigned-char -W -Wall -Werror=return-type -Werror=non-virtual-dtor -Werror=address -Werror=sequence-point -Wformat -Werror=format-security -Wmissing-declarations -Wmissing-prototypes -Wstrict-prototypes -Wundef -Winit-self -Wpointer-arith -Wshadow -Wuninitialized -Winit-self -Wno-narrowing -Wno-comment -Wimplicit-fallthrough=3 -Wno-strict-overflow -fdiagnostics-show-option -pthread -fomit-frame-pointer -ffunction-sections -fdata-sections    -fvisibility=hidden  -O3 -DNDEBUG    -Wl,--gc-sections  -rdynamic CMakeFiles/cmTC_a7bcc.dir/CheckIncludeFile.c.o  -o cmTC_a7bcc 
make[1]: 离开目录“/home/zw/嵌入式设计竞赛资料/项目代码及量化模型/demo/opencv_build_aarch64/CMakeFiles/CMakeTmp”



Determining if the include file pthread.h exists passed with the following output:
Change Dir: /home/zw/嵌入式设计竞赛资料/项目代码及量化模型/demo/opencv_build_aarch64/CMakeFiles/CMakeTmp

Run Build Command(s):/usr/bin/make cmTC_27cad/fast && /usr/bin/make -f CMakeFiles/cmTC_27cad.dir/build.make CMakeFiles/cmTC_27cad.dir/build
make[1]: 进入目录“/home/zw/嵌入式设计竞赛资料/项目代码及量化模型/demo/opencv_build_aarch64/CMakeFiles/CMakeTmp”
Building C object CMakeFiles/cmTC_27cad.dir/CheckIncludeFile.c.o
/usr/bin/aarch64-linux-gnu-gcc   -fsigned-char -W -Wall -Werror=return-type -Werror=non-virtual-dtor -Werror=address -Werror=sequence-point -Wformat -Werror=format-security -Wmissing-declarations -Wmissing-prototypes -Wstrict-prototypes -Wundef -Winit-self -Wpointer-arith -Wshadow -Wuninitialized -Winit-self -Wno-narrowing -Wno-comment -Wimplicit-fallthrough=3 -Wno-strict-overflow -fdiagnostics-show-option -pthread -fomit-frame-pointer -ffunction-sections -fdata-sections    -fvisibility=hidden  -O3 -DNDEBUG -fPIE   -o CMakeFiles/cmTC_27cad.dir/CheckIncludeFile.c.o   -c /home/zw/嵌入式设计竞赛资料/项目代码及量化模型/demo/opencv_build_aarch64/CMakeFiles/CMakeTmp/CheckIncludeFile.c
cc1: warning: ‘-Werror=’ argument ‘-Werror=non-virtual-dtor’ is not valid for C
Linking C executable cmTC_27cad
/usr/bin/cmake -E cmake_link_script CMakeFiles/cmTC_27cad.dir/link.txt --verbose=1
/usr/bin/aarch64-linux-gnu-gcc    -fsigned-char -W -Wall -Werror=return-type -Werror=non-virtual-dtor -Werror=address -Werror=sequence-point -Wformat -Werror=format-security -Wmissing-declarations -Wmissing-prototypes -Wstrict-prototypes -Wundef -Winit-self -Wpointer-arith -Wshadow -Wuninitialized -Winit-self -Wno-narrowing -Wno-comment -Wimplicit-fallthrough=3 -Wno-strict-overflow -fdiagnostics-show-option -pthread -fomit-frame-pointer -ffunction-sections -fdata-sections    -fvisibility=hidden  -O3 -DNDEBUG    -Wl,--gc-sections  -rdynamic CMakeFiles/cmTC_27cad.dir/CheckIncludeFile.c.o  -o cmTC_27cad 
make[1]: 离开目录“/home/zw/嵌入式设计竞赛资料/项目代码及量化模型/demo/opencv_build_aarch64/CMakeFiles/CMakeTmp”



Performing C SOURCE FILE Test CMAKE_HAVE_LIBC_PTHREAD succeeded with the following output:
Change Dir: /home/zw/嵌入式设计竞赛资料/项目代码及量化模型/demo/opencv_build_aarch64/CMakeFiles/CMakeTmp

Run Build Command(s):/usr/bin/make cmTC_8d6e5/fast && /usr/bin/make -f CMakeFiles/cmTC_8d6e5.dir/build.make CMakeFiles/cmTC_8d6e5.dir/build
make[1]: 进入目录“/home/zw/嵌入式设计竞赛资料/项目代码及量化模型/demo/opencv_build_aarch64/CMakeFiles/CMakeTmp”
Building C object CMakeFiles/cmTC_8d6e5.dir/src.c.o
/usr/bin/aarch64-linux-gnu-gcc   -fsigned-char -W -Wall -Werror=return-type -Werror=non-virtual-dtor -Werror=address -Werror=sequence-point -Wformat -Werror=format-security -Wmissing-declarations -Wmissing-prototypes -Wstrict-prototypes -Wundef -Winit-self -Wpointer-arith -Wshadow -Wuninitialized -Winit-self -Wno-narrowing -Wno-comment -Wimplicit-fallthrough=3 -Wno-strict-overflow -fdiagnostics-show-option -pthread -fomit-frame-pointer -ffunction-sections -fdata-sections    -fvisibility=hidden -DCMAKE_HAVE_LIBC_PTHREAD -O3 -DNDEBUG -fPIE   -o CMakeFiles/cmTC_8d6e5.dir/src.c.o   -c /home/zw/嵌入式设计竞赛资料/项目代码及量化模型/demo/opencv_build_aarch64/CMakeFiles/CMakeTmp/src.c
cc1: warning: ‘-Werror=’ argument ‘-Werror=non-virtual-dtor’ is not valid for C
/home/zw/嵌入式设计竞赛资料/项目代码及量化模型/demo/opencv_build_aarch64/CMakeFiles/CMakeTmp/src.c:3:7: warning: no previous prototype for ‘test_func’ [-Wmissing-prototypes]
    3 | void* test_func(void* data)
      |       ^~~~~~~~~
Linking C executable cmTC_8d6e5
/usr/bin/cmake -E cmake_link_script CMakeFiles/cmTC_8d6e5.dir/link.txt --verbose=1
/usr/bin/aarch64-linux-gnu-gcc    -fsigned-char -W -Wall -Werror=return-type -Werror=non-virtual-dtor -Werror=address -Werror=sequence-point -Wformat -Werror=format-security -Wmissing-declarations -Wmissing-prototypes -Wstrict-prototypes -Wundef -Winit-self -Wpointer-arith -Wshadow -Wuninitialized -Winit-self -Wno-narrowing -Wno-comment -Wimplicit-fallthrough=3 -Wno-strict-overflow -fdiagnostics-show-option -pthread -fomit-frame-pointer -ffunction-sections -fdata-sections    -fvisibility=hidden -DCMAKE_HAVE_LIBC_PTHREAD -O3 -DNDEBUG    -Wl,--gc-sections  -rdynamic CMakeFiles/cmTC_8d6e5.dir/src.c.o  -o cmTC_8d6e5 
make[1]: 离开目录“/home/zw/嵌入式设计竞赛资料/项目代码及量化模型/demo/opencv_build_aarch64/CMakeFiles/CMakeTmp”


Source file was:
#include <pthread.h>

void* test_func(void* data)
{
  return data;
}

int main(void)
{
  pthread_t thread;
  pthread_create(&thread, NULL, test_func, NULL);
  pthread_detach(thread);
  pthread_join(thread, NULL);
  pthread_atfork(NULL, NULL, NULL);
  pthread_exit(NULL);

  return 0;
}

