Performing C SOURCE FILE Test CMAKE_HAVE_LIBC_PTHREAD failed with the following output:
Change Dir: /home/zw/应用篇之-Qt应用编程/项目代码及量化模型/demo/deploy/build/build_demo_rk3588_linux_aarch64_Release/CMakeFiles/CMakeTmp

Run Build Command(s):/usr/bin/make cmTC_b5531/fast && /usr/bin/make -f CMakeFiles/cmTC_b5531.dir/build.make CMakeFiles/cmTC_b5531.dir/build
make[1]: 进入目录“/home/zw/应用篇之-Qt应用编程/项目代码及量化模型/demo/deploy/build/build_demo_rk3588_linux_aarch64_Release/CMakeFiles/CMakeTmp”
Building C object CMakeFiles/cmTC_b5531.dir/src.c.o
/usr/bin/aarch64-linux-gnu-gcc   -Wl,--allow-shlib-undefined -DCMAKE_HAVE_LIBC_PTHREAD   -o CMakeFiles/cmTC_b5531.dir/src.c.o   -c /home/zw/应用篇之-Qt应用编程/项目代码及量化模型/demo/deploy/build/build_demo_rk3588_linux_aarch64_Release/CMakeFiles/CMakeTmp/src.c
Linking C executable cmTC_b5531
/usr/bin/cmake -E cmake_link_script CMakeFiles/cmTC_b5531.dir/link.txt --verbose=1
/usr/bin/aarch64-linux-gnu-gcc  -Wl,--allow-shlib-undefined -DCMAKE_HAVE_LIBC_PTHREAD    CMakeFiles/cmTC_b5531.dir/src.c.o  -o cmTC_b5531 
/usr/lib/gcc-cross/aarch64-linux-gnu/9/../../../../aarch64-linux-gnu/bin/ld: CMakeFiles/cmTC_b5531.dir/src.c.o: in function `main':
src.c:(.text+0x48): undefined reference to `pthread_create'
/usr/lib/gcc-cross/aarch64-linux-gnu/9/../../../../aarch64-linux-gnu/bin/ld: src.c:(.text+0x50): undefined reference to `pthread_detach'
/usr/lib/gcc-cross/aarch64-linux-gnu/9/../../../../aarch64-linux-gnu/bin/ld: src.c:(.text+0x5c): undefined reference to `pthread_join'
collect2: error: ld returned 1 exit status
make[1]: *** [CMakeFiles/cmTC_b5531.dir/build.make:87：cmTC_b5531] 错误 1
make[1]: 离开目录“/home/zw/应用篇之-Qt应用编程/项目代码及量化模型/demo/deploy/build/build_demo_rk3588_linux_aarch64_Release/CMakeFiles/CMakeTmp”
make: *** [Makefile:121：cmTC_b5531/fast] 错误 2


Source file was:
#include <pthread.h>

void* test_func(void* data)
{
  return data;
}

int main(void)
{
  pthread_t thread;
  pthread_create(&thread, NULL, test_func, NULL);
  pthread_detach(thread);
  pthread_join(thread, NULL);
  pthread_atfork(NULL, NULL, NULL);
  pthread_exit(NULL);

  return 0;
}

Determining if the function pthread_create exists in the pthreads failed with the following output:
Change Dir: /home/zw/应用篇之-Qt应用编程/项目代码及量化模型/demo/deploy/build/build_demo_rk3588_linux_aarch64_Release/CMakeFiles/CMakeTmp

Run Build Command(s):/usr/bin/make cmTC_19076/fast && /usr/bin/make -f CMakeFiles/cmTC_19076.dir/build.make CMakeFiles/cmTC_19076.dir/build
make[1]: 进入目录“/home/zw/应用篇之-Qt应用编程/项目代码及量化模型/demo/deploy/build/build_demo_rk3588_linux_aarch64_Release/CMakeFiles/CMakeTmp”
Building C object CMakeFiles/cmTC_19076.dir/CheckFunctionExists.c.o
/usr/bin/aarch64-linux-gnu-gcc   -Wl,--allow-shlib-undefined -DCHECK_FUNCTION_EXISTS=pthread_create   -o CMakeFiles/cmTC_19076.dir/CheckFunctionExists.c.o   -c /usr/share/cmake-3.16/Modules/CheckFunctionExists.c
Linking C executable cmTC_19076
/usr/bin/cmake -E cmake_link_script CMakeFiles/cmTC_19076.dir/link.txt --verbose=1
/usr/bin/aarch64-linux-gnu-gcc  -Wl,--allow-shlib-undefined -DCHECK_FUNCTION_EXISTS=pthread_create    CMakeFiles/cmTC_19076.dir/CheckFunctionExists.c.o  -o cmTC_19076  -lpthreads 
/usr/lib/gcc-cross/aarch64-linux-gnu/9/../../../../aarch64-linux-gnu/bin/ld: 找不到 -lpthreads
collect2: error: ld returned 1 exit status
make[1]: *** [CMakeFiles/cmTC_19076.dir/build.make:87：cmTC_19076] 错误 1
make[1]: 离开目录“/home/zw/应用篇之-Qt应用编程/项目代码及量化模型/demo/deploy/build/build_demo_rk3588_linux_aarch64_Release/CMakeFiles/CMakeTmp”
make: *** [Makefile:121：cmTC_19076/fast] 错误 2



