The target system is: Linux -  - aarch64
The host system is: Linux - 5.15.0-67-generic - x86_64
Compiling the C compiler identification source file "CMakeCCompilerId.c" succeeded.
Compiler: /usr/bin/aarch64-linux-gnu-gcc 
Build flags: 
Id flags:  

The output was:
0


Compilation of the C compiler identification source "CMakeCCompilerId.c" produced "a.out"

The C compiler identification is GNU, found in "/home/zw/应用篇之-Qt应用编程/项目代码及量化模型/demo/deploy/build/build_demo_rk3588_linux_aarch64_Release/CMakeFiles/3.16.3/CompilerIdC/a.out"

Compiling the CXX compiler identification source file "CMakeCXXCompilerId.cpp" succeeded.
Compiler: /usr/bin/aarch64-linux-gnu-g++ 
Build flags: 
Id flags:  

The output was:
0


Compilation of the CXX compiler identification source "CMakeCXXCompilerId.cpp" produced "a.out"

The CXX compiler identification is GNU, found in "/home/zw/应用篇之-Qt应用编程/项目代码及量化模型/demo/deploy/build/build_demo_rk3588_linux_aarch64_Release/CMakeFiles/3.16.3/CompilerIdCXX/a.out"

Determining if the C compiler works passed with the following output:
Change Dir: /home/zw/应用篇之-Qt应用编程/项目代码及量化模型/demo/deploy/build/build_demo_rk3588_linux_aarch64_Release/CMakeFiles/CMakeTmp

Run Build Command(s):/usr/bin/make cmTC_8ee88/fast && /usr/bin/make -f CMakeFiles/cmTC_8ee88.dir/build.make CMakeFiles/cmTC_8ee88.dir/build
make[1]: 进入目录“/home/zw/应用篇之-Qt应用编程/项目代码及量化模型/demo/deploy/build/build_demo_rk3588_linux_aarch64_Release/CMakeFiles/CMakeTmp”
Building C object CMakeFiles/cmTC_8ee88.dir/testCCompiler.c.o
/usr/bin/aarch64-linux-gnu-gcc    -o CMakeFiles/cmTC_8ee88.dir/testCCompiler.c.o   -c /home/zw/应用篇之-Qt应用编程/项目代码及量化模型/demo/deploy/build/build_demo_rk3588_linux_aarch64_Release/CMakeFiles/CMakeTmp/testCCompiler.c
Linking C executable cmTC_8ee88
/usr/bin/cmake -E cmake_link_script CMakeFiles/cmTC_8ee88.dir/link.txt --verbose=1
/usr/bin/aarch64-linux-gnu-gcc      CMakeFiles/cmTC_8ee88.dir/testCCompiler.c.o  -o cmTC_8ee88 
make[1]: 离开目录“/home/zw/应用篇之-Qt应用编程/项目代码及量化模型/demo/deploy/build/build_demo_rk3588_linux_aarch64_Release/CMakeFiles/CMakeTmp”



Detecting C compiler ABI info compiled with the following output:
Change Dir: /home/zw/应用篇之-Qt应用编程/项目代码及量化模型/demo/deploy/build/build_demo_rk3588_linux_aarch64_Release/CMakeFiles/CMakeTmp

Run Build Command(s):/usr/bin/make cmTC_b988b/fast && /usr/bin/make -f CMakeFiles/cmTC_b988b.dir/build.make CMakeFiles/cmTC_b988b.dir/build
make[1]: Entering directory '/home/zw/应用篇之-Qt应用编程/项目代码及量化模型/demo/deploy/build/build_demo_rk3588_linux_aarch64_Release/CMakeFiles/CMakeTmp'
Building C object CMakeFiles/cmTC_b988b.dir/CMakeCCompilerABI.c.o
/usr/bin/aarch64-linux-gnu-gcc   -v -o CMakeFiles/cmTC_b988b.dir/CMakeCCompilerABI.c.o   -c /usr/share/cmake-3.16/Modules/CMakeCCompilerABI.c
Using built-in specs.
COLLECT_GCC=/usr/bin/aarch64-linux-gnu-gcc
Target: aarch64-linux-gnu
Configured with: ../src/configure -v --with-pkgversion='Ubuntu 9.4.0-1ubuntu1~20.04.2' --with-bugurl=file:///usr/share/doc/gcc-9/README.Bugs --enable-languages=c,ada,c++,go,d,fortran,objc,obj-c++,gm2 --prefix=/usr --with-gcc-major-version-only --program-suffix=-9 --enable-shared --enable-linker-build-id --libexecdir=/usr/lib --without-included-gettext --enable-threads=posix --libdir=/usr/lib --enable-nls --with-sysroot=/ --enable-clocale=gnu --enable-libstdcxx-debug --enable-libstdcxx-time=yes --with-default-libstdcxx-abi=new --enable-gnu-unique-object --disable-libquadmath --disable-libquadmath-support --enable-plugin --enable-default-pie --with-system-zlib --without-target-system-zlib --enable-libpth-m2 --enable-multiarch --enable-fix-cortex-a53-843419 --disable-werror --enable-checking=release --build=x86_64-linux-gnu --host=x86_64-linux-gnu --target=aarch64-linux-gnu --program-prefix=aarch64-linux-gnu- --includedir=/usr/aarch64-linux-gnu/include
Thread model: posix
gcc version 9.4.0 (Ubuntu 9.4.0-1ubuntu1~20.04.2) 
COLLECT_GCC_OPTIONS='-v' '-o' 'CMakeFiles/cmTC_b988b.dir/CMakeCCompilerABI.c.o' '-c' '-mlittle-endian' '-mabi=lp64'
 /usr/lib/gcc-cross/aarch64-linux-gnu/9/cc1 -quiet -v -imultiarch aarch64-linux-gnu /usr/share/cmake-3.16/Modules/CMakeCCompilerABI.c -quiet -dumpbase CMakeCCompilerABI.c -mlittle-endian -mabi=lp64 -auxbase-strip CMakeFiles/cmTC_b988b.dir/CMakeCCompilerABI.c.o -version -fasynchronous-unwind-tables -fstack-protector-strong -Wformat -Wformat-security -fstack-clash-protection -o /tmp/ccGtqE2l.s
GNU C17 (Ubuntu 9.4.0-1ubuntu1~20.04.2) version 9.4.0 (aarch64-linux-gnu)
	compiled by GNU C version 9.4.0, GMP version 6.2.0, MPFR version 4.0.2, MPC version 1.1.0, isl version isl-0.22.1-GMP

GGC heuristics: --param ggc-min-expand=100 --param ggc-min-heapsize=131072
ignoring nonexistent directory "/usr/local/include/aarch64-linux-gnu"
ignoring nonexistent directory "/usr/lib/gcc-cross/aarch64-linux-gnu/9/include-fixed"
#include "..." search starts here:
#include <...> search starts here:
 /usr/lib/gcc-cross/aarch64-linux-gnu/9/include
 /usr/lib/gcc-cross/aarch64-linux-gnu/9/../../../../aarch64-linux-gnu/include
 /usr/include/aarch64-linux-gnu
 /usr/include
End of search list.
GNU C17 (Ubuntu 9.4.0-1ubuntu1~20.04.2) version 9.4.0 (aarch64-linux-gnu)
	compiled by GNU C version 9.4.0, GMP version 6.2.0, MPFR version 4.0.2, MPC version 1.1.0, isl version isl-0.22.1-GMP

GGC heuristics: --param ggc-min-expand=100 --param ggc-min-heapsize=131072
Compiler executable checksum: 7c96b3e1825287ceb20c1cefbe546b91
COLLECT_GCC_OPTIONS='-v' '-o' 'CMakeFiles/cmTC_b988b.dir/CMakeCCompilerABI.c.o' '-c' '-mlittle-endian' '-mabi=lp64'
 /usr/lib/gcc-cross/aarch64-linux-gnu/9/../../../../aarch64-linux-gnu/bin/as -v -EL -mabi=lp64 -o CMakeFiles/cmTC_b988b.dir/CMakeCCompilerABI.c.o /tmp/ccGtqE2l.s
GNU assembler version 2.34 (aarch64-linux-gnu) using BFD version (GNU Binutils for Ubuntu) 2.34
COMPILER_PATH=/usr/lib/gcc-cross/aarch64-linux-gnu/9/:/usr/lib/gcc-cross/aarch64-linux-gnu/9/:/usr/lib/gcc-cross/aarch64-linux-gnu/:/usr/lib/gcc-cross/aarch64-linux-gnu/9/:/usr/lib/gcc-cross/aarch64-linux-gnu/:/usr/lib/gcc-cross/aarch64-linux-gnu/9/../../../../aarch64-linux-gnu/bin/
LIBRARY_PATH=/usr/lib/gcc-cross/aarch64-linux-gnu/9/:/usr/lib/gcc-cross/aarch64-linux-gnu/9/../../../../aarch64-linux-gnu/lib/../lib/:/lib/aarch64-linux-gnu/:/lib/../lib/:/usr/lib/aarch64-linux-gnu/:/usr/lib/../lib/:/usr/lib/gcc-cross/aarch64-linux-gnu/9/../../../../aarch64-linux-gnu/lib/:/lib/:/usr/lib/
COLLECT_GCC_OPTIONS='-v' '-o' 'CMakeFiles/cmTC_b988b.dir/CMakeCCompilerABI.c.o' '-c' '-mlittle-endian' '-mabi=lp64'
Linking C executable cmTC_b988b
/usr/bin/cmake -E cmake_link_script CMakeFiles/cmTC_b988b.dir/link.txt --verbose=1
/usr/bin/aarch64-linux-gnu-gcc     -v CMakeFiles/cmTC_b988b.dir/CMakeCCompilerABI.c.o  -o cmTC_b988b 
Using built-in specs.
COLLECT_GCC=/usr/bin/aarch64-linux-gnu-gcc
COLLECT_LTO_WRAPPER=/usr/lib/gcc-cross/aarch64-linux-gnu/9/lto-wrapper
Target: aarch64-linux-gnu
Configured with: ../src/configure -v --with-pkgversion='Ubuntu 9.4.0-1ubuntu1~20.04.2' --with-bugurl=file:///usr/share/doc/gcc-9/README.Bugs --enable-languages=c,ada,c++,go,d,fortran,objc,obj-c++,gm2 --prefix=/usr --with-gcc-major-version-only --program-suffix=-9 --enable-shared --enable-linker-build-id --libexecdir=/usr/lib --without-included-gettext --enable-threads=posix --libdir=/usr/lib --enable-nls --with-sysroot=/ --enable-clocale=gnu --enable-libstdcxx-debug --enable-libstdcxx-time=yes --with-default-libstdcxx-abi=new --enable-gnu-unique-object --disable-libquadmath --disable-libquadmath-support --enable-plugin --enable-default-pie --with-system-zlib --without-target-system-zlib --enable-libpth-m2 --enable-multiarch --enable-fix-cortex-a53-843419 --disable-werror --enable-checking=release --build=x86_64-linux-gnu --host=x86_64-linux-gnu --target=aarch64-linux-gnu --program-prefix=aarch64-linux-gnu- --includedir=/usr/aarch64-linux-gnu/include
Thread model: posix
gcc version 9.4.0 (Ubuntu 9.4.0-1ubuntu1~20.04.2) 
COMPILER_PATH=/usr/lib/gcc-cross/aarch64-linux-gnu/9/:/usr/lib/gcc-cross/aarch64-linux-gnu/9/:/usr/lib/gcc-cross/aarch64-linux-gnu/:/usr/lib/gcc-cross/aarch64-linux-gnu/9/:/usr/lib/gcc-cross/aarch64-linux-gnu/:/usr/lib/gcc-cross/aarch64-linux-gnu/9/../../../../aarch64-linux-gnu/bin/
LIBRARY_PATH=/usr/lib/gcc-cross/aarch64-linux-gnu/9/:/usr/lib/gcc-cross/aarch64-linux-gnu/9/../../../../aarch64-linux-gnu/lib/../lib/:/lib/aarch64-linux-gnu/:/lib/../lib/:/usr/lib/aarch64-linux-gnu/:/usr/lib/../lib/:/usr/lib/gcc-cross/aarch64-linux-gnu/9/../../../../aarch64-linux-gnu/lib/:/lib/:/usr/lib/
COLLECT_GCC_OPTIONS='-v' '-o' 'cmTC_b988b' '-mlittle-endian' '-mabi=lp64'
 /usr/lib/gcc-cross/aarch64-linux-gnu/9/collect2 -plugin /usr/lib/gcc-cross/aarch64-linux-gnu/9/liblto_plugin.so -plugin-opt=/usr/lib/gcc-cross/aarch64-linux-gnu/9/lto-wrapper -plugin-opt=-fresolution=/tmp/ccuBloiR.res -plugin-opt=-pass-through=-lgcc -plugin-opt=-pass-through=-lgcc_s -plugin-opt=-pass-through=-lc -plugin-opt=-pass-through=-lgcc -plugin-opt=-pass-through=-lgcc_s --sysroot=/ --build-id --eh-frame-hdr --hash-style=gnu --as-needed -dynamic-linker /lib/ld-linux-aarch64.so.1 -X -EL -maarch64linux --fix-cortex-a53-843419 -pie -z now -z relro -o cmTC_b988b /usr/lib/gcc-cross/aarch64-linux-gnu/9/../../../../aarch64-linux-gnu/lib/../lib/Scrt1.o /usr/lib/gcc-cross/aarch64-linux-gnu/9/../../../../aarch64-linux-gnu/lib/../lib/crti.o /usr/lib/gcc-cross/aarch64-linux-gnu/9/crtbeginS.o -L/usr/lib/gcc-cross/aarch64-linux-gnu/9 -L/usr/lib/gcc-cross/aarch64-linux-gnu/9/../../../../aarch64-linux-gnu/lib/../lib -L/lib/aarch64-linux-gnu -L/lib/../lib -L/usr/lib/aarch64-linux-gnu -L/usr/lib/../lib -L/usr/lib/gcc-cross/aarch64-linux-gnu/9/../../../../aarch64-linux-gnu/lib CMakeFiles/cmTC_b988b.dir/CMakeCCompilerABI.c.o -lgcc --push-state --as-needed -lgcc_s --pop-state -lc -lgcc --push-state --as-needed -lgcc_s --pop-state /usr/lib/gcc-cross/aarch64-linux-gnu/9/crtendS.o /usr/lib/gcc-cross/aarch64-linux-gnu/9/../../../../aarch64-linux-gnu/lib/../lib/crtn.o
COLLECT_GCC_OPTIONS='-v' '-o' 'cmTC_b988b' '-mlittle-endian' '-mabi=lp64'
make[1]: Leaving directory '/home/zw/应用篇之-Qt应用编程/项目代码及量化模型/demo/deploy/build/build_demo_rk3588_linux_aarch64_Release/CMakeFiles/CMakeTmp'



Parsed C implicit include dir info from above output: rv=done
  found start of include info
  found start of implicit include info
    add: [/usr/lib/gcc-cross/aarch64-linux-gnu/9/include]
    add: [/usr/lib/gcc-cross/aarch64-linux-gnu/9/../../../../aarch64-linux-gnu/include]
    add: [/usr/include/aarch64-linux-gnu]
    add: [/usr/include]
  end of search list found
  collapse include dir [/usr/lib/gcc-cross/aarch64-linux-gnu/9/include] ==> [/usr/lib/gcc-cross/aarch64-linux-gnu/9/include]
  collapse include dir [/usr/lib/gcc-cross/aarch64-linux-gnu/9/../../../../aarch64-linux-gnu/include] ==> [/usr/aarch64-linux-gnu/include]
  collapse include dir [/usr/include/aarch64-linux-gnu] ==> [/usr/include/aarch64-linux-gnu]
  collapse include dir [/usr/include] ==> [/usr/include]
  implicit include dirs: [/usr/lib/gcc-cross/aarch64-linux-gnu/9/include;/usr/aarch64-linux-gnu/include;/usr/include/aarch64-linux-gnu;/usr/include]


Parsed C implicit link information from above output:
  link line regex: [^( *|.*[/\])(aarch64-linux-gnu-ld|CMAKE_LINK_STARTFILE-NOTFOUND|([^/\]+-)?ld|collect2)[^/\]*( |$)]
  ignore line: [Change Dir: /home/zw/应用篇之-Qt应用编程/项目代码及量化模型/demo/deploy/build/build_demo_rk3588_linux_aarch64_Release/CMakeFiles/CMakeTmp]
  ignore line: []
  ignore line: [Run Build Command(s):/usr/bin/make cmTC_b988b/fast && /usr/bin/make -f CMakeFiles/cmTC_b988b.dir/build.make CMakeFiles/cmTC_b988b.dir/build]
  ignore line: [make[1]: Entering directory '/home/zw/应用篇之-Qt应用编程/项目代码及量化模型/demo/deploy/build/build_demo_rk3588_linux_aarch64_Release/CMakeFiles/CMakeTmp']
  ignore line: [Building C object CMakeFiles/cmTC_b988b.dir/CMakeCCompilerABI.c.o]
  ignore line: [/usr/bin/aarch64-linux-gnu-gcc   -v -o CMakeFiles/cmTC_b988b.dir/CMakeCCompilerABI.c.o   -c /usr/share/cmake-3.16/Modules/CMakeCCompilerABI.c]
  ignore line: [Using built-in specs.]
  ignore line: [COLLECT_GCC=/usr/bin/aarch64-linux-gnu-gcc]
  ignore line: [Target: aarch64-linux-gnu]
  ignore line: [Configured with: ../src/configure -v --with-pkgversion='Ubuntu 9.4.0-1ubuntu1~20.04.2' --with-bugurl=file:///usr/share/doc/gcc-9/README.Bugs --enable-languages=c ada c++ go d fortran objc obj-c++ gm2 --prefix=/usr --with-gcc-major-version-only --program-suffix=-9 --enable-shared --enable-linker-build-id --libexecdir=/usr/lib --without-included-gettext --enable-threads=posix --libdir=/usr/lib --enable-nls --with-sysroot=/ --enable-clocale=gnu --enable-libstdcxx-debug --enable-libstdcxx-time=yes --with-default-libstdcxx-abi=new --enable-gnu-unique-object --disable-libquadmath --disable-libquadmath-support --enable-plugin --enable-default-pie --with-system-zlib --without-target-system-zlib --enable-libpth-m2 --enable-multiarch --enable-fix-cortex-a53-843419 --disable-werror --enable-checking=release --build=x86_64-linux-gnu --host=x86_64-linux-gnu --target=aarch64-linux-gnu --program-prefix=aarch64-linux-gnu- --includedir=/usr/aarch64-linux-gnu/include]
  ignore line: [Thread model: posix]
  ignore line: [gcc version 9.4.0 (Ubuntu 9.4.0-1ubuntu1~20.04.2) ]
  ignore line: [COLLECT_GCC_OPTIONS='-v' '-o' 'CMakeFiles/cmTC_b988b.dir/CMakeCCompilerABI.c.o' '-c' '-mlittle-endian' '-mabi=lp64']
  ignore line: [ /usr/lib/gcc-cross/aarch64-linux-gnu/9/cc1 -quiet -v -imultiarch aarch64-linux-gnu /usr/share/cmake-3.16/Modules/CMakeCCompilerABI.c -quiet -dumpbase CMakeCCompilerABI.c -mlittle-endian -mabi=lp64 -auxbase-strip CMakeFiles/cmTC_b988b.dir/CMakeCCompilerABI.c.o -version -fasynchronous-unwind-tables -fstack-protector-strong -Wformat -Wformat-security -fstack-clash-protection -o /tmp/ccGtqE2l.s]
  ignore line: [GNU C17 (Ubuntu 9.4.0-1ubuntu1~20.04.2) version 9.4.0 (aarch64-linux-gnu)]
  ignore line: [	compiled by GNU C version 9.4.0  GMP version 6.2.0  MPFR version 4.0.2  MPC version 1.1.0  isl version isl-0.22.1-GMP]
  ignore line: []
  ignore line: [GGC heuristics: --param ggc-min-expand=100 --param ggc-min-heapsize=131072]
  ignore line: [ignoring nonexistent directory "/usr/local/include/aarch64-linux-gnu"]
  ignore line: [ignoring nonexistent directory "/usr/lib/gcc-cross/aarch64-linux-gnu/9/include-fixed"]
  ignore line: [#include "..." search starts here:]
  ignore line: [#include <...> search starts here:]
  ignore line: [ /usr/lib/gcc-cross/aarch64-linux-gnu/9/include]
  ignore line: [ /usr/lib/gcc-cross/aarch64-linux-gnu/9/../../../../aarch64-linux-gnu/include]
  ignore line: [ /usr/include/aarch64-linux-gnu]
  ignore line: [ /usr/include]
  ignore line: [End of search list.]
  ignore line: [GNU C17 (Ubuntu 9.4.0-1ubuntu1~20.04.2) version 9.4.0 (aarch64-linux-gnu)]
  ignore line: [	compiled by GNU C version 9.4.0  GMP version 6.2.0  MPFR version 4.0.2  MPC version 1.1.0  isl version isl-0.22.1-GMP]
  ignore line: []
  ignore line: [GGC heuristics: --param ggc-min-expand=100 --param ggc-min-heapsize=131072]
  ignore line: [Compiler executable checksum: 7c96b3e1825287ceb20c1cefbe546b91]
  ignore line: [COLLECT_GCC_OPTIONS='-v' '-o' 'CMakeFiles/cmTC_b988b.dir/CMakeCCompilerABI.c.o' '-c' '-mlittle-endian' '-mabi=lp64']
  ignore line: [ /usr/lib/gcc-cross/aarch64-linux-gnu/9/../../../../aarch64-linux-gnu/bin/as -v -EL -mabi=lp64 -o CMakeFiles/cmTC_b988b.dir/CMakeCCompilerABI.c.o /tmp/ccGtqE2l.s]
  ignore line: [GNU assembler version 2.34 (aarch64-linux-gnu) using BFD version (GNU Binutils for Ubuntu) 2.34]
  ignore line: [COMPILER_PATH=/usr/lib/gcc-cross/aarch64-linux-gnu/9/:/usr/lib/gcc-cross/aarch64-linux-gnu/9/:/usr/lib/gcc-cross/aarch64-linux-gnu/:/usr/lib/gcc-cross/aarch64-linux-gnu/9/:/usr/lib/gcc-cross/aarch64-linux-gnu/:/usr/lib/gcc-cross/aarch64-linux-gnu/9/../../../../aarch64-linux-gnu/bin/]
  ignore line: [LIBRARY_PATH=/usr/lib/gcc-cross/aarch64-linux-gnu/9/:/usr/lib/gcc-cross/aarch64-linux-gnu/9/../../../../aarch64-linux-gnu/lib/../lib/:/lib/aarch64-linux-gnu/:/lib/../lib/:/usr/lib/aarch64-linux-gnu/:/usr/lib/../lib/:/usr/lib/gcc-cross/aarch64-linux-gnu/9/../../../../aarch64-linux-gnu/lib/:/lib/:/usr/lib/]
  ignore line: [COLLECT_GCC_OPTIONS='-v' '-o' 'CMakeFiles/cmTC_b988b.dir/CMakeCCompilerABI.c.o' '-c' '-mlittle-endian' '-mabi=lp64']
  ignore line: [Linking C executable cmTC_b988b]
  ignore line: [/usr/bin/cmake -E cmake_link_script CMakeFiles/cmTC_b988b.dir/link.txt --verbose=1]
  ignore line: [/usr/bin/aarch64-linux-gnu-gcc     -v CMakeFiles/cmTC_b988b.dir/CMakeCCompilerABI.c.o  -o cmTC_b988b ]
  ignore line: [Using built-in specs.]
  ignore line: [COLLECT_GCC=/usr/bin/aarch64-linux-gnu-gcc]
  ignore line: [COLLECT_LTO_WRAPPER=/usr/lib/gcc-cross/aarch64-linux-gnu/9/lto-wrapper]
  ignore line: [Target: aarch64-linux-gnu]
  ignore line: [Configured with: ../src/configure -v --with-pkgversion='Ubuntu 9.4.0-1ubuntu1~20.04.2' --with-bugurl=file:///usr/share/doc/gcc-9/README.Bugs --enable-languages=c ada c++ go d fortran objc obj-c++ gm2 --prefix=/usr --with-gcc-major-version-only --program-suffix=-9 --enable-shared --enable-linker-build-id --libexecdir=/usr/lib --without-included-gettext --enable-threads=posix --libdir=/usr/lib --enable-nls --with-sysroot=/ --enable-clocale=gnu --enable-libstdcxx-debug --enable-libstdcxx-time=yes --with-default-libstdcxx-abi=new --enable-gnu-unique-object --disable-libquadmath --disable-libquadmath-support --enable-plugin --enable-default-pie --with-system-zlib --without-target-system-zlib --enable-libpth-m2 --enable-multiarch --enable-fix-cortex-a53-843419 --disable-werror --enable-checking=release --build=x86_64-linux-gnu --host=x86_64-linux-gnu --target=aarch64-linux-gnu --program-prefix=aarch64-linux-gnu- --includedir=/usr/aarch64-linux-gnu/include]
  ignore line: [Thread model: posix]
  ignore line: [gcc version 9.4.0 (Ubuntu 9.4.0-1ubuntu1~20.04.2) ]
  ignore line: [COMPILER_PATH=/usr/lib/gcc-cross/aarch64-linux-gnu/9/:/usr/lib/gcc-cross/aarch64-linux-gnu/9/:/usr/lib/gcc-cross/aarch64-linux-gnu/:/usr/lib/gcc-cross/aarch64-linux-gnu/9/:/usr/lib/gcc-cross/aarch64-linux-gnu/:/usr/lib/gcc-cross/aarch64-linux-gnu/9/../../../../aarch64-linux-gnu/bin/]
  ignore line: [LIBRARY_PATH=/usr/lib/gcc-cross/aarch64-linux-gnu/9/:/usr/lib/gcc-cross/aarch64-linux-gnu/9/../../../../aarch64-linux-gnu/lib/../lib/:/lib/aarch64-linux-gnu/:/lib/../lib/:/usr/lib/aarch64-linux-gnu/:/usr/lib/../lib/:/usr/lib/gcc-cross/aarch64-linux-gnu/9/../../../../aarch64-linux-gnu/lib/:/lib/:/usr/lib/]
  ignore line: [COLLECT_GCC_OPTIONS='-v' '-o' 'cmTC_b988b' '-mlittle-endian' '-mabi=lp64']
  link line: [ /usr/lib/gcc-cross/aarch64-linux-gnu/9/collect2 -plugin /usr/lib/gcc-cross/aarch64-linux-gnu/9/liblto_plugin.so -plugin-opt=/usr/lib/gcc-cross/aarch64-linux-gnu/9/lto-wrapper -plugin-opt=-fresolution=/tmp/ccuBloiR.res -plugin-opt=-pass-through=-lgcc -plugin-opt=-pass-through=-lgcc_s -plugin-opt=-pass-through=-lc -plugin-opt=-pass-through=-lgcc -plugin-opt=-pass-through=-lgcc_s --sysroot=/ --build-id --eh-frame-hdr --hash-style=gnu --as-needed -dynamic-linker /lib/ld-linux-aarch64.so.1 -X -EL -maarch64linux --fix-cortex-a53-843419 -pie -z now -z relro -o cmTC_b988b /usr/lib/gcc-cross/aarch64-linux-gnu/9/../../../../aarch64-linux-gnu/lib/../lib/Scrt1.o /usr/lib/gcc-cross/aarch64-linux-gnu/9/../../../../aarch64-linux-gnu/lib/../lib/crti.o /usr/lib/gcc-cross/aarch64-linux-gnu/9/crtbeginS.o -L/usr/lib/gcc-cross/aarch64-linux-gnu/9 -L/usr/lib/gcc-cross/aarch64-linux-gnu/9/../../../../aarch64-linux-gnu/lib/../lib -L/lib/aarch64-linux-gnu -L/lib/../lib -L/usr/lib/aarch64-linux-gnu -L/usr/lib/../lib -L/usr/lib/gcc-cross/aarch64-linux-gnu/9/../../../../aarch64-linux-gnu/lib CMakeFiles/cmTC_b988b.dir/CMakeCCompilerABI.c.o -lgcc --push-state --as-needed -lgcc_s --pop-state -lc -lgcc --push-state --as-needed -lgcc_s --pop-state /usr/lib/gcc-cross/aarch64-linux-gnu/9/crtendS.o /usr/lib/gcc-cross/aarch64-linux-gnu/9/../../../../aarch64-linux-gnu/lib/../lib/crtn.o]
    arg [/usr/lib/gcc-cross/aarch64-linux-gnu/9/collect2] ==> ignore
    arg [-plugin] ==> ignore
    arg [/usr/lib/gcc-cross/aarch64-linux-gnu/9/liblto_plugin.so] ==> ignore
    arg [-plugin-opt=/usr/lib/gcc-cross/aarch64-linux-gnu/9/lto-wrapper] ==> ignore
    arg [-plugin-opt=-fresolution=/tmp/ccuBloiR.res] ==> ignore
    arg [-plugin-opt=-pass-through=-lgcc] ==> ignore
    arg [-plugin-opt=-pass-through=-lgcc_s] ==> ignore
    arg [-plugin-opt=-pass-through=-lc] ==> ignore
    arg [-plugin-opt=-pass-through=-lgcc] ==> ignore
    arg [-plugin-opt=-pass-through=-lgcc_s] ==> ignore
    arg [--sysroot=/] ==> ignore
    arg [--build-id] ==> ignore
    arg [--eh-frame-hdr] ==> ignore
    arg [--hash-style=gnu] ==> ignore
    arg [--as-needed] ==> ignore
    arg [-dynamic-linker] ==> ignore
    arg [/lib/ld-linux-aarch64.so.1] ==> ignore
    arg [-X] ==> ignore
    arg [-EL] ==> ignore
    arg [-maarch64linux] ==> ignore
    arg [--fix-cortex-a53-843419] ==> ignore
    arg [-pie] ==> ignore
    arg [-znow] ==> ignore
    arg [-zrelro] ==> ignore
    arg [-o] ==> ignore
    arg [cmTC_b988b] ==> ignore
    arg [/usr/lib/gcc-cross/aarch64-linux-gnu/9/../../../../aarch64-linux-gnu/lib/../lib/Scrt1.o] ==> ignore
    arg [/usr/lib/gcc-cross/aarch64-linux-gnu/9/../../../../aarch64-linux-gnu/lib/../lib/crti.o] ==> ignore
    arg [/usr/lib/gcc-cross/aarch64-linux-gnu/9/crtbeginS.o] ==> ignore
    arg [-L/usr/lib/gcc-cross/aarch64-linux-gnu/9] ==> dir [/usr/lib/gcc-cross/aarch64-linux-gnu/9]
    arg [-L/usr/lib/gcc-cross/aarch64-linux-gnu/9/../../../../aarch64-linux-gnu/lib/../lib] ==> dir [/usr/lib/gcc-cross/aarch64-linux-gnu/9/../../../../aarch64-linux-gnu/lib/../lib]
    arg [-L/lib/aarch64-linux-gnu] ==> dir [/lib/aarch64-linux-gnu]
    arg [-L/lib/../lib] ==> dir [/lib/../lib]
    arg [-L/usr/lib/aarch64-linux-gnu] ==> dir [/usr/lib/aarch64-linux-gnu]
    arg [-L/usr/lib/../lib] ==> dir [/usr/lib/../lib]
    arg [-L/usr/lib/gcc-cross/aarch64-linux-gnu/9/../../../../aarch64-linux-gnu/lib] ==> dir [/usr/lib/gcc-cross/aarch64-linux-gnu/9/../../../../aarch64-linux-gnu/lib]
    arg [CMakeFiles/cmTC_b988b.dir/CMakeCCompilerABI.c.o] ==> ignore
    arg [-lgcc] ==> lib [gcc]
    arg [--push-state] ==> ignore
    arg [--as-needed] ==> ignore
    arg [-lgcc_s] ==> lib [gcc_s]
    arg [--pop-state] ==> ignore
    arg [-lc] ==> lib [c]
    arg [-lgcc] ==> lib [gcc]
    arg [--push-state] ==> ignore
    arg [--as-needed] ==> ignore
    arg [-lgcc_s] ==> lib [gcc_s]
    arg [--pop-state] ==> ignore
    arg [/usr/lib/gcc-cross/aarch64-linux-gnu/9/crtendS.o] ==> ignore
    arg [/usr/lib/gcc-cross/aarch64-linux-gnu/9/../../../../aarch64-linux-gnu/lib/../lib/crtn.o] ==> ignore
  collapse library dir [/usr/lib/gcc-cross/aarch64-linux-gnu/9] ==> [/usr/lib/gcc-cross/aarch64-linux-gnu/9]
  collapse library dir [/usr/lib/gcc-cross/aarch64-linux-gnu/9/../../../../aarch64-linux-gnu/lib/../lib] ==> [/usr/aarch64-linux-gnu/lib]
  collapse library dir [/lib/aarch64-linux-gnu] ==> [/lib/aarch64-linux-gnu]
  collapse library dir [/lib/../lib] ==> [/lib]
  collapse library dir [/usr/lib/aarch64-linux-gnu] ==> [/usr/lib/aarch64-linux-gnu]
  collapse library dir [/usr/lib/../lib] ==> [/usr/lib]
  collapse library dir [/usr/lib/gcc-cross/aarch64-linux-gnu/9/../../../../aarch64-linux-gnu/lib] ==> [/usr/aarch64-linux-gnu/lib]
  implicit libs: [gcc;gcc_s;c;gcc;gcc_s]
  implicit dirs: [/usr/lib/gcc-cross/aarch64-linux-gnu/9;/usr/aarch64-linux-gnu/lib;/lib/aarch64-linux-gnu;/lib;/usr/lib/aarch64-linux-gnu;/usr/lib]
  implicit fwks: []


Determining if the CXX compiler works passed with the following output:
Change Dir: /home/zw/应用篇之-Qt应用编程/项目代码及量化模型/demo/deploy/build/build_demo_rk3588_linux_aarch64_Release/CMakeFiles/CMakeTmp

Run Build Command(s):/usr/bin/make cmTC_683bb/fast && /usr/bin/make -f CMakeFiles/cmTC_683bb.dir/build.make CMakeFiles/cmTC_683bb.dir/build
make[1]: 进入目录“/home/zw/应用篇之-Qt应用编程/项目代码及量化模型/demo/deploy/build/build_demo_rk3588_linux_aarch64_Release/CMakeFiles/CMakeTmp”
Building CXX object CMakeFiles/cmTC_683bb.dir/testCXXCompiler.cxx.o
/usr/bin/aarch64-linux-gnu-g++     -o CMakeFiles/cmTC_683bb.dir/testCXXCompiler.cxx.o -c /home/zw/应用篇之-Qt应用编程/项目代码及量化模型/demo/deploy/build/build_demo_rk3588_linux_aarch64_Release/CMakeFiles/CMakeTmp/testCXXCompiler.cxx
Linking CXX executable cmTC_683bb
/usr/bin/cmake -E cmake_link_script CMakeFiles/cmTC_683bb.dir/link.txt --verbose=1
/usr/bin/aarch64-linux-gnu-g++       CMakeFiles/cmTC_683bb.dir/testCXXCompiler.cxx.o  -o cmTC_683bb 
make[1]: 离开目录“/home/zw/应用篇之-Qt应用编程/项目代码及量化模型/demo/deploy/build/build_demo_rk3588_linux_aarch64_Release/CMakeFiles/CMakeTmp”



Detecting CXX compiler ABI info compiled with the following output:
Change Dir: /home/zw/应用篇之-Qt应用编程/项目代码及量化模型/demo/deploy/build/build_demo_rk3588_linux_aarch64_Release/CMakeFiles/CMakeTmp

Run Build Command(s):/usr/bin/make cmTC_448eb/fast && /usr/bin/make -f CMakeFiles/cmTC_448eb.dir/build.make CMakeFiles/cmTC_448eb.dir/build
make[1]: Entering directory '/home/zw/应用篇之-Qt应用编程/项目代码及量化模型/demo/deploy/build/build_demo_rk3588_linux_aarch64_Release/CMakeFiles/CMakeTmp'
Building CXX object CMakeFiles/cmTC_448eb.dir/CMakeCXXCompilerABI.cpp.o
/usr/bin/aarch64-linux-gnu-g++    -v -o CMakeFiles/cmTC_448eb.dir/CMakeCXXCompilerABI.cpp.o -c /usr/share/cmake-3.16/Modules/CMakeCXXCompilerABI.cpp
Using built-in specs.
COLLECT_GCC=/usr/bin/aarch64-linux-gnu-g++
Target: aarch64-linux-gnu
Configured with: ../src/configure -v --with-pkgversion='Ubuntu 9.4.0-1ubuntu1~20.04.2' --with-bugurl=file:///usr/share/doc/gcc-9/README.Bugs --enable-languages=c,ada,c++,go,d,fortran,objc,obj-c++,gm2 --prefix=/usr --with-gcc-major-version-only --program-suffix=-9 --enable-shared --enable-linker-build-id --libexecdir=/usr/lib --without-included-gettext --enable-threads=posix --libdir=/usr/lib --enable-nls --with-sysroot=/ --enable-clocale=gnu --enable-libstdcxx-debug --enable-libstdcxx-time=yes --with-default-libstdcxx-abi=new --enable-gnu-unique-object --disable-libquadmath --disable-libquadmath-support --enable-plugin --enable-default-pie --with-system-zlib --without-target-system-zlib --enable-libpth-m2 --enable-multiarch --enable-fix-cortex-a53-843419 --disable-werror --enable-checking=release --build=x86_64-linux-gnu --host=x86_64-linux-gnu --target=aarch64-linux-gnu --program-prefix=aarch64-linux-gnu- --includedir=/usr/aarch64-linux-gnu/include
Thread model: posix
gcc version 9.4.0 (Ubuntu 9.4.0-1ubuntu1~20.04.2) 
COLLECT_GCC_OPTIONS='-v' '-o' 'CMakeFiles/cmTC_448eb.dir/CMakeCXXCompilerABI.cpp.o' '-c' '-shared-libgcc' '-mlittle-endian' '-mabi=lp64'
 /usr/lib/gcc-cross/aarch64-linux-gnu/9/cc1plus -quiet -v -imultiarch aarch64-linux-gnu -D_GNU_SOURCE /usr/share/cmake-3.16/Modules/CMakeCXXCompilerABI.cpp -quiet -dumpbase CMakeCXXCompilerABI.cpp -mlittle-endian -mabi=lp64 -auxbase-strip CMakeFiles/cmTC_448eb.dir/CMakeCXXCompilerABI.cpp.o -version -fasynchronous-unwind-tables -fstack-protector-strong -Wformat -Wformat-security -fstack-clash-protection -o /tmp/ccSZx3Qj.s
GNU C++14 (Ubuntu 9.4.0-1ubuntu1~20.04.2) version 9.4.0 (aarch64-linux-gnu)
	compiled by GNU C version 9.4.0, GMP version 6.2.0, MPFR version 4.0.2, MPC version 1.1.0, isl version isl-0.22.1-GMP

GGC heuristics: --param ggc-min-expand=100 --param ggc-min-heapsize=131072
ignoring nonexistent directory "/usr/local/include/aarch64-linux-gnu"
ignoring nonexistent directory "/usr/lib/gcc-cross/aarch64-linux-gnu/9/include-fixed"
#include "..." search starts here:
#include <...> search starts here:
 /usr/lib/gcc-cross/aarch64-linux-gnu/9/../../../../aarch64-linux-gnu/include/c++/9
 /usr/lib/gcc-cross/aarch64-linux-gnu/9/../../../../aarch64-linux-gnu/include/c++/9/aarch64-linux-gnu
 /usr/lib/gcc-cross/aarch64-linux-gnu/9/../../../../aarch64-linux-gnu/include/c++/9/backward
 /usr/lib/gcc-cross/aarch64-linux-gnu/9/include
 /usr/lib/gcc-cross/aarch64-linux-gnu/9/../../../../aarch64-linux-gnu/include
 /usr/include/aarch64-linux-gnu
 /usr/include
End of search list.
GNU C++14 (Ubuntu 9.4.0-1ubuntu1~20.04.2) version 9.4.0 (aarch64-linux-gnu)
	compiled by GNU C version 9.4.0, GMP version 6.2.0, MPFR version 4.0.2, MPC version 1.1.0, isl version isl-0.22.1-GMP

GGC heuristics: --param ggc-min-expand=100 --param ggc-min-heapsize=131072
Compiler executable checksum: 3fd62e19f7cce4e05f266e2c8c4bf6f8
COLLECT_GCC_OPTIONS='-v' '-o' 'CMakeFiles/cmTC_448eb.dir/CMakeCXXCompilerABI.cpp.o' '-c' '-shared-libgcc' '-mlittle-endian' '-mabi=lp64'
 /usr/lib/gcc-cross/aarch64-linux-gnu/9/../../../../aarch64-linux-gnu/bin/as -v -EL -mabi=lp64 -o CMakeFiles/cmTC_448eb.dir/CMakeCXXCompilerABI.cpp.o /tmp/ccSZx3Qj.s
GNU assembler version 2.34 (aarch64-linux-gnu) using BFD version (GNU Binutils for Ubuntu) 2.34
COMPILER_PATH=/usr/lib/gcc-cross/aarch64-linux-gnu/9/:/usr/lib/gcc-cross/aarch64-linux-gnu/9/:/usr/lib/gcc-cross/aarch64-linux-gnu/:/usr/lib/gcc-cross/aarch64-linux-gnu/9/:/usr/lib/gcc-cross/aarch64-linux-gnu/:/usr/lib/gcc-cross/aarch64-linux-gnu/9/../../../../aarch64-linux-gnu/bin/
LIBRARY_PATH=/usr/lib/gcc-cross/aarch64-linux-gnu/9/:/usr/lib/gcc-cross/aarch64-linux-gnu/9/../../../../aarch64-linux-gnu/lib/../lib/:/lib/aarch64-linux-gnu/:/lib/../lib/:/usr/lib/aarch64-linux-gnu/:/usr/lib/../lib/:/usr/lib/gcc-cross/aarch64-linux-gnu/9/../../../../aarch64-linux-gnu/lib/:/lib/:/usr/lib/
COLLECT_GCC_OPTIONS='-v' '-o' 'CMakeFiles/cmTC_448eb.dir/CMakeCXXCompilerABI.cpp.o' '-c' '-shared-libgcc' '-mlittle-endian' '-mabi=lp64'
Linking CXX executable cmTC_448eb
/usr/bin/cmake -E cmake_link_script CMakeFiles/cmTC_448eb.dir/link.txt --verbose=1
/usr/bin/aarch64-linux-gnu-g++      -v CMakeFiles/cmTC_448eb.dir/CMakeCXXCompilerABI.cpp.o  -o cmTC_448eb 
Using built-in specs.
COLLECT_GCC=/usr/bin/aarch64-linux-gnu-g++
COLLECT_LTO_WRAPPER=/usr/lib/gcc-cross/aarch64-linux-gnu/9/lto-wrapper
Target: aarch64-linux-gnu
Configured with: ../src/configure -v --with-pkgversion='Ubuntu 9.4.0-1ubuntu1~20.04.2' --with-bugurl=file:///usr/share/doc/gcc-9/README.Bugs --enable-languages=c,ada,c++,go,d,fortran,objc,obj-c++,gm2 --prefix=/usr --with-gcc-major-version-only --program-suffix=-9 --enable-shared --enable-linker-build-id --libexecdir=/usr/lib --without-included-gettext --enable-threads=posix --libdir=/usr/lib --enable-nls --with-sysroot=/ --enable-clocale=gnu --enable-libstdcxx-debug --enable-libstdcxx-time=yes --with-default-libstdcxx-abi=new --enable-gnu-unique-object --disable-libquadmath --disable-libquadmath-support --enable-plugin --enable-default-pie --with-system-zlib --without-target-system-zlib --enable-libpth-m2 --enable-multiarch --enable-fix-cortex-a53-843419 --disable-werror --enable-checking=release --build=x86_64-linux-gnu --host=x86_64-linux-gnu --target=aarch64-linux-gnu --program-prefix=aarch64-linux-gnu- --includedir=/usr/aarch64-linux-gnu/include
Thread model: posix
gcc version 9.4.0 (Ubuntu 9.4.0-1ubuntu1~20.04.2) 
COMPILER_PATH=/usr/lib/gcc-cross/aarch64-linux-gnu/9/:/usr/lib/gcc-cross/aarch64-linux-gnu/9/:/usr/lib/gcc-cross/aarch64-linux-gnu/:/usr/lib/gcc-cross/aarch64-linux-gnu/9/:/usr/lib/gcc-cross/aarch64-linux-gnu/:/usr/lib/gcc-cross/aarch64-linux-gnu/9/../../../../aarch64-linux-gnu/bin/
LIBRARY_PATH=/usr/lib/gcc-cross/aarch64-linux-gnu/9/:/usr/lib/gcc-cross/aarch64-linux-gnu/9/../../../../aarch64-linux-gnu/lib/../lib/:/lib/aarch64-linux-gnu/:/lib/../lib/:/usr/lib/aarch64-linux-gnu/:/usr/lib/../lib/:/usr/lib/gcc-cross/aarch64-linux-gnu/9/../../../../aarch64-linux-gnu/lib/:/lib/:/usr/lib/
COLLECT_GCC_OPTIONS='-v' '-o' 'cmTC_448eb' '-shared-libgcc' '-mlittle-endian' '-mabi=lp64'
 /usr/lib/gcc-cross/aarch64-linux-gnu/9/collect2 -plugin /usr/lib/gcc-cross/aarch64-linux-gnu/9/liblto_plugin.so -plugin-opt=/usr/lib/gcc-cross/aarch64-linux-gnu/9/lto-wrapper -plugin-opt=-fresolution=/tmp/cc6ruNkN.res -plugin-opt=-pass-through=-lgcc_s -plugin-opt=-pass-through=-lgcc -plugin-opt=-pass-through=-lc -plugin-opt=-pass-through=-lgcc_s -plugin-opt=-pass-through=-lgcc --sysroot=/ --build-id --eh-frame-hdr --hash-style=gnu --as-needed -dynamic-linker /lib/ld-linux-aarch64.so.1 -X -EL -maarch64linux --fix-cortex-a53-843419 -pie -z now -z relro -o cmTC_448eb /usr/lib/gcc-cross/aarch64-linux-gnu/9/../../../../aarch64-linux-gnu/lib/../lib/Scrt1.o /usr/lib/gcc-cross/aarch64-linux-gnu/9/../../../../aarch64-linux-gnu/lib/../lib/crti.o /usr/lib/gcc-cross/aarch64-linux-gnu/9/crtbeginS.o -L/usr/lib/gcc-cross/aarch64-linux-gnu/9 -L/usr/lib/gcc-cross/aarch64-linux-gnu/9/../../../../aarch64-linux-gnu/lib/../lib -L/lib/aarch64-linux-gnu -L/lib/../lib -L/usr/lib/aarch64-linux-gnu -L/usr/lib/../lib -L/usr/lib/gcc-cross/aarch64-linux-gnu/9/../../../../aarch64-linux-gnu/lib CMakeFiles/cmTC_448eb.dir/CMakeCXXCompilerABI.cpp.o -lstdc++ -lm -lgcc_s -lgcc -lc -lgcc_s -lgcc /usr/lib/gcc-cross/aarch64-linux-gnu/9/crtendS.o /usr/lib/gcc-cross/aarch64-linux-gnu/9/../../../../aarch64-linux-gnu/lib/../lib/crtn.o
COLLECT_GCC_OPTIONS='-v' '-o' 'cmTC_448eb' '-shared-libgcc' '-mlittle-endian' '-mabi=lp64'
make[1]: Leaving directory '/home/zw/应用篇之-Qt应用编程/项目代码及量化模型/demo/deploy/build/build_demo_rk3588_linux_aarch64_Release/CMakeFiles/CMakeTmp'



Parsed CXX implicit include dir info from above output: rv=done
  found start of include info
  found start of implicit include info
    add: [/usr/lib/gcc-cross/aarch64-linux-gnu/9/../../../../aarch64-linux-gnu/include/c++/9]
    add: [/usr/lib/gcc-cross/aarch64-linux-gnu/9/../../../../aarch64-linux-gnu/include/c++/9/aarch64-linux-gnu]
    add: [/usr/lib/gcc-cross/aarch64-linux-gnu/9/../../../../aarch64-linux-gnu/include/c++/9/backward]
    add: [/usr/lib/gcc-cross/aarch64-linux-gnu/9/include]
    add: [/usr/lib/gcc-cross/aarch64-linux-gnu/9/../../../../aarch64-linux-gnu/include]
    add: [/usr/include/aarch64-linux-gnu]
    add: [/usr/include]
  end of search list found
  collapse include dir [/usr/lib/gcc-cross/aarch64-linux-gnu/9/../../../../aarch64-linux-gnu/include/c++/9] ==> [/usr/aarch64-linux-gnu/include/c++/9]
  collapse include dir [/usr/lib/gcc-cross/aarch64-linux-gnu/9/../../../../aarch64-linux-gnu/include/c++/9/aarch64-linux-gnu] ==> [/usr/aarch64-linux-gnu/include/c++/9/aarch64-linux-gnu]
  collapse include dir [/usr/lib/gcc-cross/aarch64-linux-gnu/9/../../../../aarch64-linux-gnu/include/c++/9/backward] ==> [/usr/aarch64-linux-gnu/include/c++/9/backward]
  collapse include dir [/usr/lib/gcc-cross/aarch64-linux-gnu/9/include] ==> [/usr/lib/gcc-cross/aarch64-linux-gnu/9/include]
  collapse include dir [/usr/lib/gcc-cross/aarch64-linux-gnu/9/../../../../aarch64-linux-gnu/include] ==> [/usr/aarch64-linux-gnu/include]
  collapse include dir [/usr/include/aarch64-linux-gnu] ==> [/usr/include/aarch64-linux-gnu]
  collapse include dir [/usr/include] ==> [/usr/include]
  implicit include dirs: [/usr/aarch64-linux-gnu/include/c++/9;/usr/aarch64-linux-gnu/include/c++/9/aarch64-linux-gnu;/usr/aarch64-linux-gnu/include/c++/9/backward;/usr/lib/gcc-cross/aarch64-linux-gnu/9/include;/usr/aarch64-linux-gnu/include;/usr/include/aarch64-linux-gnu;/usr/include]


Parsed CXX implicit link information from above output:
  link line regex: [^( *|.*[/\])(aarch64-linux-gnu-ld|CMAKE_LINK_STARTFILE-NOTFOUND|([^/\]+-)?ld|collect2)[^/\]*( |$)]
  ignore line: [Change Dir: /home/zw/应用篇之-Qt应用编程/项目代码及量化模型/demo/deploy/build/build_demo_rk3588_linux_aarch64_Release/CMakeFiles/CMakeTmp]
  ignore line: []
  ignore line: [Run Build Command(s):/usr/bin/make cmTC_448eb/fast && /usr/bin/make -f CMakeFiles/cmTC_448eb.dir/build.make CMakeFiles/cmTC_448eb.dir/build]
  ignore line: [make[1]: Entering directory '/home/zw/应用篇之-Qt应用编程/项目代码及量化模型/demo/deploy/build/build_demo_rk3588_linux_aarch64_Release/CMakeFiles/CMakeTmp']
  ignore line: [Building CXX object CMakeFiles/cmTC_448eb.dir/CMakeCXXCompilerABI.cpp.o]
  ignore line: [/usr/bin/aarch64-linux-gnu-g++    -v -o CMakeFiles/cmTC_448eb.dir/CMakeCXXCompilerABI.cpp.o -c /usr/share/cmake-3.16/Modules/CMakeCXXCompilerABI.cpp]
  ignore line: [Using built-in specs.]
  ignore line: [COLLECT_GCC=/usr/bin/aarch64-linux-gnu-g++]
  ignore line: [Target: aarch64-linux-gnu]
  ignore line: [Configured with: ../src/configure -v --with-pkgversion='Ubuntu 9.4.0-1ubuntu1~20.04.2' --with-bugurl=file:///usr/share/doc/gcc-9/README.Bugs --enable-languages=c ada c++ go d fortran objc obj-c++ gm2 --prefix=/usr --with-gcc-major-version-only --program-suffix=-9 --enable-shared --enable-linker-build-id --libexecdir=/usr/lib --without-included-gettext --enable-threads=posix --libdir=/usr/lib --enable-nls --with-sysroot=/ --enable-clocale=gnu --enable-libstdcxx-debug --enable-libstdcxx-time=yes --with-default-libstdcxx-abi=new --enable-gnu-unique-object --disable-libquadmath --disable-libquadmath-support --enable-plugin --enable-default-pie --with-system-zlib --without-target-system-zlib --enable-libpth-m2 --enable-multiarch --enable-fix-cortex-a53-843419 --disable-werror --enable-checking=release --build=x86_64-linux-gnu --host=x86_64-linux-gnu --target=aarch64-linux-gnu --program-prefix=aarch64-linux-gnu- --includedir=/usr/aarch64-linux-gnu/include]
  ignore line: [Thread model: posix]
  ignore line: [gcc version 9.4.0 (Ubuntu 9.4.0-1ubuntu1~20.04.2) ]
  ignore line: [COLLECT_GCC_OPTIONS='-v' '-o' 'CMakeFiles/cmTC_448eb.dir/CMakeCXXCompilerABI.cpp.o' '-c' '-shared-libgcc' '-mlittle-endian' '-mabi=lp64']
  ignore line: [ /usr/lib/gcc-cross/aarch64-linux-gnu/9/cc1plus -quiet -v -imultiarch aarch64-linux-gnu -D_GNU_SOURCE /usr/share/cmake-3.16/Modules/CMakeCXXCompilerABI.cpp -quiet -dumpbase CMakeCXXCompilerABI.cpp -mlittle-endian -mabi=lp64 -auxbase-strip CMakeFiles/cmTC_448eb.dir/CMakeCXXCompilerABI.cpp.o -version -fasynchronous-unwind-tables -fstack-protector-strong -Wformat -Wformat-security -fstack-clash-protection -o /tmp/ccSZx3Qj.s]
  ignore line: [GNU C++14 (Ubuntu 9.4.0-1ubuntu1~20.04.2) version 9.4.0 (aarch64-linux-gnu)]
  ignore line: [	compiled by GNU C version 9.4.0  GMP version 6.2.0  MPFR version 4.0.2  MPC version 1.1.0  isl version isl-0.22.1-GMP]
  ignore line: []
  ignore line: [GGC heuristics: --param ggc-min-expand=100 --param ggc-min-heapsize=131072]
  ignore line: [ignoring nonexistent directory "/usr/local/include/aarch64-linux-gnu"]
  ignore line: [ignoring nonexistent directory "/usr/lib/gcc-cross/aarch64-linux-gnu/9/include-fixed"]
  ignore line: [#include "..." search starts here:]
  ignore line: [#include <...> search starts here:]
  ignore line: [ /usr/lib/gcc-cross/aarch64-linux-gnu/9/../../../../aarch64-linux-gnu/include/c++/9]
  ignore line: [ /usr/lib/gcc-cross/aarch64-linux-gnu/9/../../../../aarch64-linux-gnu/include/c++/9/aarch64-linux-gnu]
  ignore line: [ /usr/lib/gcc-cross/aarch64-linux-gnu/9/../../../../aarch64-linux-gnu/include/c++/9/backward]
  ignore line: [ /usr/lib/gcc-cross/aarch64-linux-gnu/9/include]
  ignore line: [ /usr/lib/gcc-cross/aarch64-linux-gnu/9/../../../../aarch64-linux-gnu/include]
  ignore line: [ /usr/include/aarch64-linux-gnu]
  ignore line: [ /usr/include]
  ignore line: [End of search list.]
  ignore line: [GNU C++14 (Ubuntu 9.4.0-1ubuntu1~20.04.2) version 9.4.0 (aarch64-linux-gnu)]
  ignore line: [	compiled by GNU C version 9.4.0  GMP version 6.2.0  MPFR version 4.0.2  MPC version 1.1.0  isl version isl-0.22.1-GMP]
  ignore line: []
  ignore line: [GGC heuristics: --param ggc-min-expand=100 --param ggc-min-heapsize=131072]
  ignore line: [Compiler executable checksum: 3fd62e19f7cce4e05f266e2c8c4bf6f8]
  ignore line: [COLLECT_GCC_OPTIONS='-v' '-o' 'CMakeFiles/cmTC_448eb.dir/CMakeCXXCompilerABI.cpp.o' '-c' '-shared-libgcc' '-mlittle-endian' '-mabi=lp64']
  ignore line: [ /usr/lib/gcc-cross/aarch64-linux-gnu/9/../../../../aarch64-linux-gnu/bin/as -v -EL -mabi=lp64 -o CMakeFiles/cmTC_448eb.dir/CMakeCXXCompilerABI.cpp.o /tmp/ccSZx3Qj.s]
  ignore line: [GNU assembler version 2.34 (aarch64-linux-gnu) using BFD version (GNU Binutils for Ubuntu) 2.34]
  ignore line: [COMPILER_PATH=/usr/lib/gcc-cross/aarch64-linux-gnu/9/:/usr/lib/gcc-cross/aarch64-linux-gnu/9/:/usr/lib/gcc-cross/aarch64-linux-gnu/:/usr/lib/gcc-cross/aarch64-linux-gnu/9/:/usr/lib/gcc-cross/aarch64-linux-gnu/:/usr/lib/gcc-cross/aarch64-linux-gnu/9/../../../../aarch64-linux-gnu/bin/]
  ignore line: [LIBRARY_PATH=/usr/lib/gcc-cross/aarch64-linux-gnu/9/:/usr/lib/gcc-cross/aarch64-linux-gnu/9/../../../../aarch64-linux-gnu/lib/../lib/:/lib/aarch64-linux-gnu/:/lib/../lib/:/usr/lib/aarch64-linux-gnu/:/usr/lib/../lib/:/usr/lib/gcc-cross/aarch64-linux-gnu/9/../../../../aarch64-linux-gnu/lib/:/lib/:/usr/lib/]
  ignore line: [COLLECT_GCC_OPTIONS='-v' '-o' 'CMakeFiles/cmTC_448eb.dir/CMakeCXXCompilerABI.cpp.o' '-c' '-shared-libgcc' '-mlittle-endian' '-mabi=lp64']
  ignore line: [Linking CXX executable cmTC_448eb]
  ignore line: [/usr/bin/cmake -E cmake_link_script CMakeFiles/cmTC_448eb.dir/link.txt --verbose=1]
  ignore line: [/usr/bin/aarch64-linux-gnu-g++      -v CMakeFiles/cmTC_448eb.dir/CMakeCXXCompilerABI.cpp.o  -o cmTC_448eb ]
  ignore line: [Using built-in specs.]
  ignore line: [COLLECT_GCC=/usr/bin/aarch64-linux-gnu-g++]
  ignore line: [COLLECT_LTO_WRAPPER=/usr/lib/gcc-cross/aarch64-linux-gnu/9/lto-wrapper]
  ignore line: [Target: aarch64-linux-gnu]
  ignore line: [Configured with: ../src/configure -v --with-pkgversion='Ubuntu 9.4.0-1ubuntu1~20.04.2' --with-bugurl=file:///usr/share/doc/gcc-9/README.Bugs --enable-languages=c ada c++ go d fortran objc obj-c++ gm2 --prefix=/usr --with-gcc-major-version-only --program-suffix=-9 --enable-shared --enable-linker-build-id --libexecdir=/usr/lib --without-included-gettext --enable-threads=posix --libdir=/usr/lib --enable-nls --with-sysroot=/ --enable-clocale=gnu --enable-libstdcxx-debug --enable-libstdcxx-time=yes --with-default-libstdcxx-abi=new --enable-gnu-unique-object --disable-libquadmath --disable-libquadmath-support --enable-plugin --enable-default-pie --with-system-zlib --without-target-system-zlib --enable-libpth-m2 --enable-multiarch --enable-fix-cortex-a53-843419 --disable-werror --enable-checking=release --build=x86_64-linux-gnu --host=x86_64-linux-gnu --target=aarch64-linux-gnu --program-prefix=aarch64-linux-gnu- --includedir=/usr/aarch64-linux-gnu/include]
  ignore line: [Thread model: posix]
  ignore line: [gcc version 9.4.0 (Ubuntu 9.4.0-1ubuntu1~20.04.2) ]
  ignore line: [COMPILER_PATH=/usr/lib/gcc-cross/aarch64-linux-gnu/9/:/usr/lib/gcc-cross/aarch64-linux-gnu/9/:/usr/lib/gcc-cross/aarch64-linux-gnu/:/usr/lib/gcc-cross/aarch64-linux-gnu/9/:/usr/lib/gcc-cross/aarch64-linux-gnu/:/usr/lib/gcc-cross/aarch64-linux-gnu/9/../../../../aarch64-linux-gnu/bin/]
  ignore line: [LIBRARY_PATH=/usr/lib/gcc-cross/aarch64-linux-gnu/9/:/usr/lib/gcc-cross/aarch64-linux-gnu/9/../../../../aarch64-linux-gnu/lib/../lib/:/lib/aarch64-linux-gnu/:/lib/../lib/:/usr/lib/aarch64-linux-gnu/:/usr/lib/../lib/:/usr/lib/gcc-cross/aarch64-linux-gnu/9/../../../../aarch64-linux-gnu/lib/:/lib/:/usr/lib/]
  ignore line: [COLLECT_GCC_OPTIONS='-v' '-o' 'cmTC_448eb' '-shared-libgcc' '-mlittle-endian' '-mabi=lp64']
  link line: [ /usr/lib/gcc-cross/aarch64-linux-gnu/9/collect2 -plugin /usr/lib/gcc-cross/aarch64-linux-gnu/9/liblto_plugin.so -plugin-opt=/usr/lib/gcc-cross/aarch64-linux-gnu/9/lto-wrapper -plugin-opt=-fresolution=/tmp/cc6ruNkN.res -plugin-opt=-pass-through=-lgcc_s -plugin-opt=-pass-through=-lgcc -plugin-opt=-pass-through=-lc -plugin-opt=-pass-through=-lgcc_s -plugin-opt=-pass-through=-lgcc --sysroot=/ --build-id --eh-frame-hdr --hash-style=gnu --as-needed -dynamic-linker /lib/ld-linux-aarch64.so.1 -X -EL -maarch64linux --fix-cortex-a53-843419 -pie -z now -z relro -o cmTC_448eb /usr/lib/gcc-cross/aarch64-linux-gnu/9/../../../../aarch64-linux-gnu/lib/../lib/Scrt1.o /usr/lib/gcc-cross/aarch64-linux-gnu/9/../../../../aarch64-linux-gnu/lib/../lib/crti.o /usr/lib/gcc-cross/aarch64-linux-gnu/9/crtbeginS.o -L/usr/lib/gcc-cross/aarch64-linux-gnu/9 -L/usr/lib/gcc-cross/aarch64-linux-gnu/9/../../../../aarch64-linux-gnu/lib/../lib -L/lib/aarch64-linux-gnu -L/lib/../lib -L/usr/lib/aarch64-linux-gnu -L/usr/lib/../lib -L/usr/lib/gcc-cross/aarch64-linux-gnu/9/../../../../aarch64-linux-gnu/lib CMakeFiles/cmTC_448eb.dir/CMakeCXXCompilerABI.cpp.o -lstdc++ -lm -lgcc_s -lgcc -lc -lgcc_s -lgcc /usr/lib/gcc-cross/aarch64-linux-gnu/9/crtendS.o /usr/lib/gcc-cross/aarch64-linux-gnu/9/../../../../aarch64-linux-gnu/lib/../lib/crtn.o]
    arg [/usr/lib/gcc-cross/aarch64-linux-gnu/9/collect2] ==> ignore
    arg [-plugin] ==> ignore
    arg [/usr/lib/gcc-cross/aarch64-linux-gnu/9/liblto_plugin.so] ==> ignore
    arg [-plugin-opt=/usr/lib/gcc-cross/aarch64-linux-gnu/9/lto-wrapper] ==> ignore
    arg [-plugin-opt=-fresolution=/tmp/cc6ruNkN.res] ==> ignore
    arg [-plugin-opt=-pass-through=-lgcc_s] ==> ignore
    arg [-plugin-opt=-pass-through=-lgcc] ==> ignore
    arg [-plugin-opt=-pass-through=-lc] ==> ignore
    arg [-plugin-opt=-pass-through=-lgcc_s] ==> ignore
    arg [-plugin-opt=-pass-through=-lgcc] ==> ignore
    arg [--sysroot=/] ==> ignore
    arg [--build-id] ==> ignore
    arg [--eh-frame-hdr] ==> ignore
    arg [--hash-style=gnu] ==> ignore
    arg [--as-needed] ==> ignore
    arg [-dynamic-linker] ==> ignore
    arg [/lib/ld-linux-aarch64.so.1] ==> ignore
    arg [-X] ==> ignore
    arg [-EL] ==> ignore
    arg [-maarch64linux] ==> ignore
    arg [--fix-cortex-a53-843419] ==> ignore
    arg [-pie] ==> ignore
    arg [-znow] ==> ignore
    arg [-zrelro] ==> ignore
    arg [-o] ==> ignore
    arg [cmTC_448eb] ==> ignore
    arg [/usr/lib/gcc-cross/aarch64-linux-gnu/9/../../../../aarch64-linux-gnu/lib/../lib/Scrt1.o] ==> ignore
    arg [/usr/lib/gcc-cross/aarch64-linux-gnu/9/../../../../aarch64-linux-gnu/lib/../lib/crti.o] ==> ignore
    arg [/usr/lib/gcc-cross/aarch64-linux-gnu/9/crtbeginS.o] ==> ignore
    arg [-L/usr/lib/gcc-cross/aarch64-linux-gnu/9] ==> dir [/usr/lib/gcc-cross/aarch64-linux-gnu/9]
    arg [-L/usr/lib/gcc-cross/aarch64-linux-gnu/9/../../../../aarch64-linux-gnu/lib/../lib] ==> dir [/usr/lib/gcc-cross/aarch64-linux-gnu/9/../../../../aarch64-linux-gnu/lib/../lib]
    arg [-L/lib/aarch64-linux-gnu] ==> dir [/lib/aarch64-linux-gnu]
    arg [-L/lib/../lib] ==> dir [/lib/../lib]
    arg [-L/usr/lib/aarch64-linux-gnu] ==> dir [/usr/lib/aarch64-linux-gnu]
    arg [-L/usr/lib/../lib] ==> dir [/usr/lib/../lib]
    arg [-L/usr/lib/gcc-cross/aarch64-linux-gnu/9/../../../../aarch64-linux-gnu/lib] ==> dir [/usr/lib/gcc-cross/aarch64-linux-gnu/9/../../../../aarch64-linux-gnu/lib]
    arg [CMakeFiles/cmTC_448eb.dir/CMakeCXXCompilerABI.cpp.o] ==> ignore
    arg [-lstdc++] ==> lib [stdc++]
    arg [-lm] ==> lib [m]
    arg [-lgcc_s] ==> lib [gcc_s]
    arg [-lgcc] ==> lib [gcc]
    arg [-lc] ==> lib [c]
    arg [-lgcc_s] ==> lib [gcc_s]
    arg [-lgcc] ==> lib [gcc]
    arg [/usr/lib/gcc-cross/aarch64-linux-gnu/9/crtendS.o] ==> ignore
    arg [/usr/lib/gcc-cross/aarch64-linux-gnu/9/../../../../aarch64-linux-gnu/lib/../lib/crtn.o] ==> ignore
  collapse library dir [/usr/lib/gcc-cross/aarch64-linux-gnu/9] ==> [/usr/lib/gcc-cross/aarch64-linux-gnu/9]
  collapse library dir [/usr/lib/gcc-cross/aarch64-linux-gnu/9/../../../../aarch64-linux-gnu/lib/../lib] ==> [/usr/aarch64-linux-gnu/lib]
  collapse library dir [/lib/aarch64-linux-gnu] ==> [/lib/aarch64-linux-gnu]
  collapse library dir [/lib/../lib] ==> [/lib]
  collapse library dir [/usr/lib/aarch64-linux-gnu] ==> [/usr/lib/aarch64-linux-gnu]
  collapse library dir [/usr/lib/../lib] ==> [/usr/lib]
  collapse library dir [/usr/lib/gcc-cross/aarch64-linux-gnu/9/../../../../aarch64-linux-gnu/lib] ==> [/usr/aarch64-linux-gnu/lib]
  implicit libs: [stdc++;m;gcc_s;gcc;c;gcc_s;gcc]
  implicit dirs: [/usr/lib/gcc-cross/aarch64-linux-gnu/9;/usr/aarch64-linux-gnu/lib;/lib/aarch64-linux-gnu;/lib;/usr/lib/aarch64-linux-gnu;/usr/lib]
  implicit fwks: []


Determining if the include file pthread.h exists passed with the following output:
Change Dir: /home/zw/应用篇之-Qt应用编程/项目代码及量化模型/demo/deploy/build/build_demo_rk3588_linux_aarch64_Release/CMakeFiles/CMakeTmp

Run Build Command(s):/usr/bin/make cmTC_1202c/fast && /usr/bin/make -f CMakeFiles/cmTC_1202c.dir/build.make CMakeFiles/cmTC_1202c.dir/build
make[1]: 进入目录“/home/zw/应用篇之-Qt应用编程/项目代码及量化模型/demo/deploy/build/build_demo_rk3588_linux_aarch64_Release/CMakeFiles/CMakeTmp”
Building C object CMakeFiles/cmTC_1202c.dir/CheckIncludeFile.c.o
/usr/bin/aarch64-linux-gnu-gcc   -Wl,--allow-shlib-undefined    -o CMakeFiles/cmTC_1202c.dir/CheckIncludeFile.c.o   -c /home/zw/应用篇之-Qt应用编程/项目代码及量化模型/demo/deploy/build/build_demo_rk3588_linux_aarch64_Release/CMakeFiles/CMakeTmp/CheckIncludeFile.c
Linking C executable cmTC_1202c
/usr/bin/cmake -E cmake_link_script CMakeFiles/cmTC_1202c.dir/link.txt --verbose=1
/usr/bin/aarch64-linux-gnu-gcc  -Wl,--allow-shlib-undefined     CMakeFiles/cmTC_1202c.dir/CheckIncludeFile.c.o  -o cmTC_1202c 
make[1]: 离开目录“/home/zw/应用篇之-Qt应用编程/项目代码及量化模型/demo/deploy/build/build_demo_rk3588_linux_aarch64_Release/CMakeFiles/CMakeTmp”



Determining if the function pthread_create exists in the pthread passed with the following output:
Change Dir: /home/zw/应用篇之-Qt应用编程/项目代码及量化模型/demo/deploy/build/build_demo_rk3588_linux_aarch64_Release/CMakeFiles/CMakeTmp

Run Build Command(s):/usr/bin/make cmTC_caf54/fast && /usr/bin/make -f CMakeFiles/cmTC_caf54.dir/build.make CMakeFiles/cmTC_caf54.dir/build
make[1]: 进入目录“/home/zw/应用篇之-Qt应用编程/项目代码及量化模型/demo/deploy/build/build_demo_rk3588_linux_aarch64_Release/CMakeFiles/CMakeTmp”
Building C object CMakeFiles/cmTC_caf54.dir/CheckFunctionExists.c.o
/usr/bin/aarch64-linux-gnu-gcc   -Wl,--allow-shlib-undefined -DCHECK_FUNCTION_EXISTS=pthread_create   -o CMakeFiles/cmTC_caf54.dir/CheckFunctionExists.c.o   -c /usr/share/cmake-3.16/Modules/CheckFunctionExists.c
Linking C executable cmTC_caf54
/usr/bin/cmake -E cmake_link_script CMakeFiles/cmTC_caf54.dir/link.txt --verbose=1
/usr/bin/aarch64-linux-gnu-gcc  -Wl,--allow-shlib-undefined -DCHECK_FUNCTION_EXISTS=pthread_create    CMakeFiles/cmTC_caf54.dir/CheckFunctionExists.c.o  -o cmTC_caf54  -lpthread 
make[1]: 离开目录“/home/zw/应用篇之-Qt应用编程/项目代码及量化模型/demo/deploy/build/build_demo_rk3588_linux_aarch64_Release/CMakeFiles/CMakeTmp”



