Performing C SOURCE FILE Test CMAKE_HAVE_LIBC_PTHREAD failed with the following output:
Change Dir: /home/zw/嵌入式设计竞赛资料/项目代码及量化模型/demo/deploy/build/build__rk3588_linux_aarch64_Release/CMakeFiles/CMakeTmp

Run Build Command(s):/usr/bin/make cmTC_9751c/fast && /usr/bin/make -f CMakeFiles/cmTC_9751c.dir/build.make CMakeFiles/cmTC_9751c.dir/build
make[1]: 进入目录“/home/zw/嵌入式设计竞赛资料/项目代码及量化模型/demo/deploy/build/build__rk3588_linux_aarch64_Release/CMakeFiles/CMakeTmp”
Building C object CMakeFiles/cmTC_9751c.dir/src.c.o
/usr/bin/aarch64-linux-gnu-gcc   -std=c++11 -Wl,--allow-shlib-undefined -DCMAKE_HAVE_LIBC_PTHREAD   -o CMakeFiles/cmTC_9751c.dir/src.c.o   -c /home/zw/嵌入式设计竞赛资料/项目代码及量化模型/demo/deploy/build/build__rk3588_linux_aarch64_Release/CMakeFiles/CMakeTmp/src.c
cc1: warning: command line option ‘-std=c++11’ is valid for C++/ObjC++ but not for C
Linking C executable cmTC_9751c
/usr/bin/cmake -E cmake_link_script CMakeFiles/cmTC_9751c.dir/link.txt --verbose=1
/usr/bin/aarch64-linux-gnu-gcc  -std=c++11 -Wl,--allow-shlib-undefined -DCMAKE_HAVE_LIBC_PTHREAD    CMakeFiles/cmTC_9751c.dir/src.c.o  -o cmTC_9751c 
/usr/lib/gcc-cross/aarch64-linux-gnu/9/../../../../aarch64-linux-gnu/bin/ld: CMakeFiles/cmTC_9751c.dir/src.c.o: in function `main':
src.c:(.text+0x48): undefined reference to `pthread_create'
/usr/lib/gcc-cross/aarch64-linux-gnu/9/../../../../aarch64-linux-gnu/bin/ld: src.c:(.text+0x50): undefined reference to `pthread_detach'
/usr/lib/gcc-cross/aarch64-linux-gnu/9/../../../../aarch64-linux-gnu/bin/ld: src.c:(.text+0x5c): undefined reference to `pthread_join'
collect2: error: ld returned 1 exit status
make[1]: *** [CMakeFiles/cmTC_9751c.dir/build.make:87：cmTC_9751c] 错误 1
make[1]: 离开目录“/home/zw/嵌入式设计竞赛资料/项目代码及量化模型/demo/deploy/build/build__rk3588_linux_aarch64_Release/CMakeFiles/CMakeTmp”
make: *** [Makefile:121：cmTC_9751c/fast] 错误 2


Source file was:
#include <pthread.h>

void* test_func(void* data)
{
  return data;
}

int main(void)
{
  pthread_t thread;
  pthread_create(&thread, NULL, test_func, NULL);
  pthread_detach(thread);
  pthread_join(thread, NULL);
  pthread_atfork(NULL, NULL, NULL);
  pthread_exit(NULL);

  return 0;
}

Determining if the function pthread_create exists in the pthreads failed with the following output:
Change Dir: /home/zw/嵌入式设计竞赛资料/项目代码及量化模型/demo/deploy/build/build__rk3588_linux_aarch64_Release/CMakeFiles/CMakeTmp

Run Build Command(s):/usr/bin/make cmTC_9d1fe/fast && /usr/bin/make -f CMakeFiles/cmTC_9d1fe.dir/build.make CMakeFiles/cmTC_9d1fe.dir/build
make[1]: 进入目录“/home/zw/嵌入式设计竞赛资料/项目代码及量化模型/demo/deploy/build/build__rk3588_linux_aarch64_Release/CMakeFiles/CMakeTmp”
Building C object CMakeFiles/cmTC_9d1fe.dir/CheckFunctionExists.c.o
/usr/bin/aarch64-linux-gnu-gcc   -std=c++11 -Wl,--allow-shlib-undefined -DCHECK_FUNCTION_EXISTS=pthread_create   -o CMakeFiles/cmTC_9d1fe.dir/CheckFunctionExists.c.o   -c /usr/share/cmake-3.16/Modules/CheckFunctionExists.c
cc1: warning: command line option ‘-std=c++11’ is valid for C++/ObjC++ but not for C
Linking C executable cmTC_9d1fe
/usr/bin/cmake -E cmake_link_script CMakeFiles/cmTC_9d1fe.dir/link.txt --verbose=1
/usr/bin/aarch64-linux-gnu-gcc  -std=c++11 -Wl,--allow-shlib-undefined -DCHECK_FUNCTION_EXISTS=pthread_create    CMakeFiles/cmTC_9d1fe.dir/CheckFunctionExists.c.o  -o cmTC_9d1fe  -lpthreads 
/usr/lib/gcc-cross/aarch64-linux-gnu/9/../../../../aarch64-linux-gnu/bin/ld: 找不到 -lpthreads
collect2: error: ld returned 1 exit status
make[1]: *** [CMakeFiles/cmTC_9d1fe.dir/build.make:87：cmTC_9d1fe] 错误 1
make[1]: 离开目录“/home/zw/嵌入式设计竞赛资料/项目代码及量化模型/demo/deploy/build/build__rk3588_linux_aarch64_Release/CMakeFiles/CMakeTmp”
make: *** [Makefile:121：cmTC_9d1fe/fast] 错误 2



